[0.666s] DEBUG:colcon:Command line arguments: ['/usr/bin/colcon', 'build', '--packages-select', 'tb3_wall']
[0.666s] DEBUG:colcon:Parsed command line arguments: Namespace(log_base=None, log_level=None, verb_name='build', build_base='build', install_base='install', merge_install=False, symlink_install=False, test_result_base=None, continue_on_error=False, executor='parallel', parallel_workers=12, event_handlers=None, ignore_user_meta=False, metas=['./colcon.meta'], base_paths=['.'], packages_ignore=None, packages_ignore_regex=None, paths=None, packages_up_to=None, packages_up_to_regex=None, packages_above=None, packages_above_and_dependencies=None, packages_above_depth=None, packages_select_by_dep=None, packages_skip_by_dep=None, packages_skip_up_to=None, packages_select_build_failed=False, packages_skip_build_finished=False, packages_select_test_failures=False, packages_skip_test_passed=False, packages_select=['tb3_wall'], packages_skip=None, packages_select_regex=None, packages_skip_regex=None, packages_start=None, packages_end=None, allow_overriding=[], cmake_args=None, cmake_target=None, cmake_target_skip_unavailable=False, cmake_clean_cache=False, cmake_clean_first=False, cmake_force_configure=False, ament_cmake_args=None, catkin_cmake_args=None, catkin_skip_building_tests=False, verb_parser=<colcon_defaults.argument_parser.defaults.DefaultArgumentsDecorator object at 0x7fe52f446ba0>, verb_extension=<colcon_core.verb.build.BuildVerb object at 0x7fe52f446a50>, main=<bound method BuildVerb.main of <colcon_core.verb.build.BuildVerb object at 0x7fe52f446a50>>)
[0.844s] Level 1:colcon.colcon_core.package_discovery:discover_packages(colcon_meta) check parameters
[0.846s] Level 1:colcon.colcon_core.package_discovery:discover_packages(recursive) check parameters
[0.846s] Level 1:colcon.colcon_core.package_discovery:discover_packages(ignore) check parameters
[0.846s] Level 1:colcon.colcon_core.package_discovery:discover_packages(path) check parameters
[0.847s] Level 1:colcon.colcon_core.package_discovery:discover_packages(colcon_meta) discover
[0.847s] Level 1:colcon.colcon_core.package_discovery:discover_packages(recursive) discover
[0.848s] INFO:colcon.colcon_core.package_discovery:Crawling recursively for packages in '/home/david/Documents/04_MOD/Labor3/ros2_ws/src'
[0.849s] Level 1:colcon.colcon_core.package_identification:_identify(.) by extensions ['ignore', 'ignore_ament_install']
[0.850s] Level 1:colcon.colcon_core.package_identification:_identify(.) by extension 'ignore'
[0.851s] Level 1:colcon.colcon_core.package_identification:_identify(.) by extension 'ignore_ament_install'
[0.851s] Level 1:colcon.colcon_core.package_identification:_identify(.) by extensions ['colcon_pkg']
[0.852s] Level 1:colcon.colcon_core.package_identification:_identify(.) by extension 'colcon_pkg'
[0.852s] Level 1:colcon.colcon_core.package_identification:_identify(.) by extensions ['colcon_meta']
[0.852s] Level 1:colcon.colcon_core.package_identification:_identify(.) by extension 'colcon_meta'
[0.853s] Level 1:colcon.colcon_core.package_identification:_identify(.) by extensions ['ros']
[0.853s] Level 1:colcon.colcon_core.package_identification:_identify(.) by extension 'ros'
[0.942s] Level 1:colcon.colcon_core.package_identification:_identify(.) by extensions ['cmake', 'python']
[0.942s] Level 1:colcon.colcon_core.package_identification:_identify(.) by extension 'cmake'
[0.942s] Level 1:colcon.colcon_core.package_identification:_identify(.) by extension 'python'
[0.942s] Level 1:colcon.colcon_core.package_identification:_identify(.) by extensions ['python_setup_py']
[0.942s] Level 1:colcon.colcon_core.package_identification:_identify(.) by extension 'python_setup_py'
[0.942s] Level 1:colcon.colcon_core.package_identification:_identify(build) by extensions ['ignore', 'ignore_ament_install']
[0.942s] Level 1:colcon.colcon_core.package_identification:_identify(build) by extension 'ignore'
[0.942s] Level 1:colcon.colcon_core.package_identification:_identify(build) ignored
[0.943s] Level 1:colcon.colcon_core.package_identification:_identify(install) by extensions ['ignore', 'ignore_ament_install']
[0.943s] Level 1:colcon.colcon_core.package_identification:_identify(install) by extension 'ignore'
[0.943s] Level 1:colcon.colcon_core.package_identification:_identify(install) ignored
[0.943s] Level 1:colcon.colcon_core.package_identification:_identify(log) by extensions ['ignore', 'ignore_ament_install']
[0.943s] Level 1:colcon.colcon_core.package_identification:_identify(log) by extension 'ignore'
[0.943s] Level 1:colcon.colcon_core.package_identification:_identify(log) ignored
[0.943s] Level 1:colcon.colcon_core.package_identification:_identify(tb3_control) by extensions ['ignore', 'ignore_ament_install']
[0.944s] Level 1:colcon.colcon_core.package_identification:_identify(tb3_control) by extension 'ignore'
[0.944s] Level 1:colcon.colcon_core.package_identification:_identify(tb3_control) by extension 'ignore_ament_install'
[0.945s] Level 1:colcon.colcon_core.package_identification:_identify(tb3_control) by extensions ['colcon_pkg']
[0.945s] Level 1:colcon.colcon_core.package_identification:_identify(tb3_control) by extension 'colcon_pkg'
[0.946s] Level 1:colcon.colcon_core.package_identification:_identify(tb3_control) by extensions ['colcon_meta']
[0.946s] Level 1:colcon.colcon_core.package_identification:_identify(tb3_control) by extension 'colcon_meta'
[0.946s] Level 1:colcon.colcon_core.package_identification:_identify(tb3_control) by extensions ['ros']
[0.946s] Level 1:colcon.colcon_core.package_identification:_identify(tb3_control) by extension 'ros'
[0.967s] DEBUG:colcon.colcon_core.package_identification:Package 'tb3_control' with type 'ros.ament_cmake' and name 'tb3_control'
[0.967s] Level 1:colcon.colcon_core.package_identification:_identify(tb3_wall) by extensions ['ignore', 'ignore_ament_install']
[0.968s] Level 1:colcon.colcon_core.package_identification:_identify(tb3_wall) by extension 'ignore'
[0.968s] Level 1:colcon.colcon_core.package_identification:_identify(tb3_wall) by extension 'ignore_ament_install'
[0.968s] Level 1:colcon.colcon_core.package_identification:_identify(tb3_wall) by extensions ['colcon_pkg']
[0.968s] Level 1:colcon.colcon_core.package_identification:_identify(tb3_wall) by extension 'colcon_pkg'
[0.968s] Level 1:colcon.colcon_core.package_identification:_identify(tb3_wall) by extensions ['colcon_meta']
[0.968s] Level 1:colcon.colcon_core.package_identification:_identify(tb3_wall) by extension 'colcon_meta'
[0.968s] Level 1:colcon.colcon_core.package_identification:_identify(tb3_wall) by extensions ['ros']
[0.968s] Level 1:colcon.colcon_core.package_identification:_identify(tb3_wall) by extension 'ros'
[0.969s] DEBUG:colcon.colcon_core.package_identification:Package 'tb3_wall' with type 'ros.ament_cmake' and name 'tb3_wall'
[0.970s] Level 1:colcon.colcon_core.package_identification:_identify(tutorial_node) by extensions ['ignore', 'ignore_ament_install']
[0.970s] Level 1:colcon.colcon_core.package_identification:_identify(tutorial_node) by extension 'ignore'
[0.970s] Level 1:colcon.colcon_core.package_identification:_identify(tutorial_node) by extension 'ignore_ament_install'
[0.970s] Level 1:colcon.colcon_core.package_identification:_identify(tutorial_node) by extensions ['colcon_pkg']
[0.970s] Level 1:colcon.colcon_core.package_identification:_identify(tutorial_node) by extension 'colcon_pkg'
[0.970s] Level 1:colcon.colcon_core.package_identification:_identify(tutorial_node) by extensions ['colcon_meta']
[0.970s] Level 1:colcon.colcon_core.package_identification:_identify(tutorial_node) by extension 'colcon_meta'
[0.970s] Level 1:colcon.colcon_core.package_identification:_identify(tutorial_node) by extensions ['ros']
[0.971s] Level 1:colcon.colcon_core.package_identification:_identify(tutorial_node) by extension 'ros'
[0.972s] DEBUG:colcon.colcon_core.package_identification:Package 'tutorial_node' with type 'ros.ament_cmake' and name 'tutorial_node'
[0.972s] Level 1:colcon.colcon_core.package_discovery:discover_packages(recursive) using defaults
[0.972s] Level 1:colcon.colcon_core.package_discovery:discover_packages(ignore) discover
[0.972s] Level 1:colcon.colcon_core.package_discovery:discover_packages(ignore) using defaults
[0.972s] Level 1:colcon.colcon_core.package_discovery:discover_packages(path) discover
[0.972s] Level 1:colcon.colcon_core.package_discovery:discover_packages(path) using defaults
[1.056s] INFO:colcon.colcon_core.package_selection:Skipping not selected package 'tb3_control' in 'tb3_control'
[1.057s] INFO:colcon.colcon_core.package_selection:Skipping not selected package 'tutorial_node' in 'tutorial_node'
[1.063s] Level 1:colcon.colcon_core.package_discovery:discover_packages(prefix_path) check parameters
[1.064s] Level 1:colcon.colcon_core.package_discovery:discover_packages(prefix_path) discover
[1.074s] DEBUG:colcon.colcon_installed_package_information.package_discovery:Found 3 installed packages in /home/david/Documents/04_MOD/Labor3/ros2_ws/install
[1.075s] DEBUG:colcon.colcon_installed_package_information.package_discovery:Found 1 installed packages in /home/david/Documents/04_MOD/Labor3/ros2_test/install
[1.076s] DEBUG:colcon.colcon_installed_package_information.package_discovery:Found 15 installed packages in /home/david/turtlebot3_ws/install
[1.096s] DEBUG:colcon.colcon_installed_package_information.package_discovery:Found 381 installed packages in /opt/ros/jazzy
[1.100s] Level 1:colcon.colcon_core.package_discovery:discover_packages(prefix_path) using defaults
[1.299s] Level 5:colcon.colcon_core.verb:set package 'tb3_wall' build argument 'cmake_args' from command line to 'None'
[1.300s] Level 5:colcon.colcon_core.verb:set package 'tb3_wall' build argument 'cmake_target' from command line to 'None'
[1.301s] Level 5:colcon.colcon_core.verb:set package 'tb3_wall' build argument 'cmake_target_skip_unavailable' from command line to 'False'
[1.301s] Level 5:colcon.colcon_core.verb:set package 'tb3_wall' build argument 'cmake_clean_cache' from command line to 'False'
[1.301s] Level 5:colcon.colcon_core.verb:set package 'tb3_wall' build argument 'cmake_clean_first' from command line to 'False'
[1.301s] Level 5:colcon.colcon_core.verb:set package 'tb3_wall' build argument 'cmake_force_configure' from command line to 'False'
[1.301s] Level 5:colcon.colcon_core.verb:set package 'tb3_wall' build argument 'ament_cmake_args' from command line to 'None'
[1.302s] Level 5:colcon.colcon_core.verb:set package 'tb3_wall' build argument 'catkin_cmake_args' from command line to 'None'
[1.302s] Level 5:colcon.colcon_core.verb:set package 'tb3_wall' build argument 'catkin_skip_building_tests' from command line to 'False'
[1.302s] DEBUG:colcon.colcon_core.verb:Building package 'tb3_wall' with the following arguments: {'ament_cmake_args': None, 'build_base': '/home/david/Documents/04_MOD/Labor3/ros2_ws/src/build/tb3_wall', 'catkin_cmake_args': None, 'catkin_skip_building_tests': False, 'cmake_args': None, 'cmake_clean_cache': False, 'cmake_clean_first': False, 'cmake_force_configure': False, 'cmake_target': None, 'cmake_target_skip_unavailable': False, 'install_base': '/home/david/Documents/04_MOD/Labor3/ros2_ws/src/install/tb3_wall', 'merge_install': False, 'path': '/home/david/Documents/04_MOD/Labor3/ros2_ws/src/tb3_wall', 'symlink_install': False, 'test_result_base': None}
[1.303s] INFO:colcon.colcon_core.executor:Executing jobs using 'parallel' executor
[1.306s] DEBUG:colcon.colcon_parallel_executor.executor.parallel:run_until_complete
[1.306s] INFO:colcon.colcon_ros.task.ament_cmake.build:Building ROS package in '/home/david/Documents/04_MOD/Labor3/ros2_ws/src/tb3_wall' with build type 'ament_cmake'
[1.307s] INFO:colcon.colcon_cmake.task.cmake.build:Building CMake package in '/home/david/Documents/04_MOD/Labor3/ros2_ws/src/tb3_wall'
[1.315s] INFO:colcon.colcon_core.plugin_system:Skipping extension 'colcon_core.shell.bat': Not used on non-Windows systems
[1.315s] INFO:colcon.colcon_core.shell:Skip shell extension 'powershell' for command environment: Not usable outside of PowerShell
[1.315s] DEBUG:colcon.colcon_core.shell:Skip shell extension 'dsv' for command environment
[1.372s] DEBUG:colcon.colcon_core.event_handler.log_command:Invoking command in '/home/david/Documents/04_MOD/Labor3/ros2_ws/src/build/tb3_wall': CMAKE_PREFIX_PATH=${CMAKE_PREFIX_PATH}:/home/david/turtlebot3_ws/install/turtlebot3_teleop:/home/david/turtlebot3_ws/install/turtlebot3_example:/opt/ros/jazzy DEBUGINFOD_URLS=https://debuginfod.ubuntu.com /usr/bin/cmake --build /home/david/Documents/04_MOD/Labor3/ros2_ws/src/build/tb3_wall -- -j12 -l12
[50.578s] DEBUG:colcon.colcon_core.event_handler.log_command:Invoked command in '/home/david/Documents/04_MOD/Labor3/ros2_ws/src/build/tb3_wall' returned '0': CMAKE_PREFIX_PATH=${CMAKE_PREFIX_PATH}:/home/david/turtlebot3_ws/install/turtlebot3_teleop:/home/david/turtlebot3_ws/install/turtlebot3_example:/opt/ros/jazzy DEBUGINFOD_URLS=https://debuginfod.ubuntu.com /usr/bin/cmake --build /home/david/Documents/04_MOD/Labor3/ros2_ws/src/build/tb3_wall -- -j12 -l12
[50.635s] DEBUG:colcon.colcon_core.event_handler.log_command:Invoking command in '/home/david/Documents/04_MOD/Labor3/ros2_ws/src/build/tb3_wall': CMAKE_PREFIX_PATH=${CMAKE_PREFIX_PATH}:/home/david/turtlebot3_ws/install/turtlebot3_teleop:/home/david/turtlebot3_ws/install/turtlebot3_example:/opt/ros/jazzy DEBUGINFOD_URLS=https://debuginfod.ubuntu.com /usr/bin/cmake --install /home/david/Documents/04_MOD/Labor3/ros2_ws/src/build/tb3_wall
[50.717s] Level 1:colcon.colcon_core.environment:create_environment_scripts_only(tb3_wall)
[50.719s] DEBUG:colcon.colcon_core.event_handler.log_command:Invoked command in '/home/david/Documents/04_MOD/Labor3/ros2_ws/src/build/tb3_wall' returned '0': CMAKE_PREFIX_PATH=${CMAKE_PREFIX_PATH}:/home/david/turtlebot3_ws/install/turtlebot3_teleop:/home/david/turtlebot3_ws/install/turtlebot3_example:/opt/ros/jazzy DEBUGINFOD_URLS=https://debuginfod.ubuntu.com /usr/bin/cmake --install /home/david/Documents/04_MOD/Labor3/ros2_ws/src/build/tb3_wall
[50.747s] Level 1:colcon.colcon_core.environment:checking '/home/david/Documents/04_MOD/Labor3/ros2_ws/src/install/tb3_wall' for CMake module files
[50.749s] Level 1:colcon.colcon_core.environment:checking '/home/david/Documents/04_MOD/Labor3/ros2_ws/src/install/tb3_wall' for CMake config files
[50.749s] Level 1:colcon.colcon_core.shell:create_environment_hook('tb3_wall', 'cmake_prefix_path')
[50.750s] INFO:colcon.colcon_core.shell:Creating environment hook '/home/david/Documents/04_MOD/Labor3/ros2_ws/src/install/tb3_wall/share/tb3_wall/hook/cmake_prefix_path.ps1'
[50.751s] INFO:colcon.colcon_core.shell:Creating environment descriptor '/home/david/Documents/04_MOD/Labor3/ros2_ws/src/install/tb3_wall/share/tb3_wall/hook/cmake_prefix_path.dsv'
[50.753s] INFO:colcon.colcon_core.shell:Creating environment hook '/home/david/Documents/04_MOD/Labor3/ros2_ws/src/install/tb3_wall/share/tb3_wall/hook/cmake_prefix_path.sh'
[50.760s] Level 1:colcon.colcon_core.environment:checking '/home/david/Documents/04_MOD/Labor3/ros2_ws/src/install/tb3_wall/lib'
[50.762s] Level 1:colcon.colcon_core.environment:checking '/home/david/Documents/04_MOD/Labor3/ros2_ws/src/install/tb3_wall/bin'
[50.763s] Level 1:colcon.colcon_core.environment:checking '/home/david/Documents/04_MOD/Labor3/ros2_ws/src/install/tb3_wall/lib/pkgconfig/tb3_wall.pc'
[50.766s] Level 1:colcon.colcon_core.environment:checking '/home/david/Documents/04_MOD/Labor3/ros2_ws/src/install/tb3_wall/lib/python3.12/site-packages'
[50.771s] Level 1:colcon.colcon_core.environment:checking '/home/david/Documents/04_MOD/Labor3/ros2_ws/src/install/tb3_wall/bin'
[50.773s] INFO:colcon.colcon_core.shell:Creating package script '/home/david/Documents/04_MOD/Labor3/ros2_ws/src/install/tb3_wall/share/tb3_wall/package.ps1'
[50.776s] INFO:colcon.colcon_core.shell:Creating package descriptor '/home/david/Documents/04_MOD/Labor3/ros2_ws/src/install/tb3_wall/share/tb3_wall/package.dsv'
[50.778s] INFO:colcon.colcon_core.shell:Creating package script '/home/david/Documents/04_MOD/Labor3/ros2_ws/src/install/tb3_wall/share/tb3_wall/package.sh'
[50.780s] INFO:colcon.colcon_core.shell:Creating package script '/home/david/Documents/04_MOD/Labor3/ros2_ws/src/install/tb3_wall/share/tb3_wall/package.bash'
[50.781s] INFO:colcon.colcon_core.shell:Creating package script '/home/david/Documents/04_MOD/Labor3/ros2_ws/src/install/tb3_wall/share/tb3_wall/package.zsh'
[50.783s] Level 1:colcon.colcon_core.environment:create_file_with_runtime_dependencies(/home/david/Documents/04_MOD/Labor3/ros2_ws/src/install/tb3_wall/share/colcon-core/packages/tb3_wall)
[50.784s] Level 1:colcon.colcon_core.environment:create_environment_scripts_only(tb3_wall)
[50.784s] Level 1:colcon.colcon_core.environment:checking '/home/david/Documents/04_MOD/Labor3/ros2_ws/src/install/tb3_wall' for CMake module files
[50.785s] Level 1:colcon.colcon_core.environment:checking '/home/david/Documents/04_MOD/Labor3/ros2_ws/src/install/tb3_wall' for CMake config files
[50.785s] Level 1:colcon.colcon_core.shell:create_environment_hook('tb3_wall', 'cmake_prefix_path')
[50.786s] INFO:colcon.colcon_core.shell:Creating environment hook '/home/david/Documents/04_MOD/Labor3/ros2_ws/src/install/tb3_wall/share/tb3_wall/hook/cmake_prefix_path.ps1'
[50.787s] INFO:colcon.colcon_core.shell:Creating environment descriptor '/home/david/Documents/04_MOD/Labor3/ros2_ws/src/install/tb3_wall/share/tb3_wall/hook/cmake_prefix_path.dsv'
[50.787s] INFO:colcon.colcon_core.shell:Creating environment hook '/home/david/Documents/04_MOD/Labor3/ros2_ws/src/install/tb3_wall/share/tb3_wall/hook/cmake_prefix_path.sh'
[50.788s] Level 1:colcon.colcon_core.environment:checking '/home/david/Documents/04_MOD/Labor3/ros2_ws/src/install/tb3_wall/lib'
[50.788s] Level 1:colcon.colcon_core.environment:checking '/home/david/Documents/04_MOD/Labor3/ros2_ws/src/install/tb3_wall/bin'
[50.788s] Level 1:colcon.colcon_core.environment:checking '/home/david/Documents/04_MOD/Labor3/ros2_ws/src/install/tb3_wall/lib/pkgconfig/tb3_wall.pc'
[50.789s] Level 1:colcon.colcon_core.environment:checking '/home/david/Documents/04_MOD/Labor3/ros2_ws/src/install/tb3_wall/lib/python3.12/site-packages'
[50.792s] Level 1:colcon.colcon_core.environment:checking '/home/david/Documents/04_MOD/Labor3/ros2_ws/src/install/tb3_wall/bin'
[50.795s] INFO:colcon.colcon_core.shell:Creating package script '/home/david/Documents/04_MOD/Labor3/ros2_ws/src/install/tb3_wall/share/tb3_wall/package.ps1'
[50.801s] INFO:colcon.colcon_core.shell:Creating package descriptor '/home/david/Documents/04_MOD/Labor3/ros2_ws/src/install/tb3_wall/share/tb3_wall/package.dsv'
[50.806s] INFO:colcon.colcon_core.shell:Creating package script '/home/david/Documents/04_MOD/Labor3/ros2_ws/src/install/tb3_wall/share/tb3_wall/package.sh'
[50.808s] INFO:colcon.colcon_core.shell:Creating package script '/home/david/Documents/04_MOD/Labor3/ros2_ws/src/install/tb3_wall/share/tb3_wall/package.bash'
[50.810s] INFO:colcon.colcon_core.shell:Creating package script '/home/david/Documents/04_MOD/Labor3/ros2_ws/src/install/tb3_wall/share/tb3_wall/package.zsh'
[50.811s] Level 1:colcon.colcon_core.environment:create_file_with_runtime_dependencies(/home/david/Documents/04_MOD/Labor3/ros2_ws/src/install/tb3_wall/share/colcon-core/packages/tb3_wall)
[50.812s] DEBUG:colcon.colcon_parallel_executor.executor.parallel:closing loop
[50.813s] DEBUG:colcon.colcon_parallel_executor.executor.parallel:loop closed
[50.814s] DEBUG:colcon.colcon_parallel_executor.executor.parallel:run_until_complete finished with '0'
[50.814s] DEBUG:colcon.colcon_core.event_reactor:joining thread
[50.846s] INFO:colcon.colcon_core.plugin_system:Skipping extension 'colcon_notification.desktop_notification.terminal_notifier': Not used on non-Darwin systems
[50.847s] INFO:colcon.colcon_core.plugin_system:Skipping extension 'colcon_notification.desktop_notification.win32': Not used on non-Windows systems
[50.847s] INFO:colcon.colcon_notification.desktop_notification:Sending desktop notification using 'notify2'
[50.891s] DEBUG:colcon.colcon_core.event_reactor:joined thread
[50.891s] INFO:colcon.colcon_core.shell:Creating prefix script '/home/david/Documents/04_MOD/Labor3/ros2_ws/src/install/local_setup.ps1'
[50.894s] INFO:colcon.colcon_core.shell:Creating prefix util module '/home/david/Documents/04_MOD/Labor3/ros2_ws/src/install/_local_setup_util_ps1.py'
[50.907s] INFO:colcon.colcon_core.shell:Creating prefix chain script '/home/david/Documents/04_MOD/Labor3/ros2_ws/src/install/setup.ps1'
[50.915s] INFO:colcon.colcon_core.shell:Creating prefix script '/home/david/Documents/04_MOD/Labor3/ros2_ws/src/install/local_setup.sh'
[50.916s] INFO:colcon.colcon_core.shell:Creating prefix util module '/home/david/Documents/04_MOD/Labor3/ros2_ws/src/install/_local_setup_util_sh.py'
[50.918s] INFO:colcon.colcon_core.shell:Creating prefix chain script '/home/david/Documents/04_MOD/Labor3/ros2_ws/src/install/setup.sh'
[50.922s] INFO:colcon.colcon_core.shell:Creating prefix script '/home/david/Documents/04_MOD/Labor3/ros2_ws/src/install/local_setup.bash'
[50.924s] INFO:colcon.colcon_core.shell:Creating prefix chain script '/home/david/Documents/04_MOD/Labor3/ros2_ws/src/install/setup.bash'
[50.935s] INFO:colcon.colcon_core.shell:Creating prefix script '/home/david/Documents/04_MOD/Labor3/ros2_ws/src/install/local_setup.zsh'
[50.941s] INFO:colcon.colcon_core.shell:Creating prefix chain script '/home/david/Documents/04_MOD/Labor3/ros2_ws/src/install/setup.zsh'
