[0.015s] Invoking command in '/home/david/Documents/04_MOD/Labor4/ros2_ws/build/tb3_wall': CMAKE_PREFIX_PATH=${CMAKE_PREFIX_PATH}:/home/david/turtlebot3_ws/install/turtlebot3_teleop:/home/david/turtlebot3_ws/install/turtlebot3_example:/opt/ros/jazzy DEBUGINFOD_URLS=https://debuginfod.ubuntu.com /usr/bin/cmake /home/david/Documents/04_MOD/Labor4/ros2_ws/src/tb3_wall -DCMAKE_INSTALL_PREFIX=/home/david/Documents/04_MOD/Labor4/ros2_ws/install/tb3_wall
[0.174s] -- The C compiler identification is GNU 13.3.0
[0.325s] -- The CXX compiler identification is GNU 13.3.0
[0.359s] -- Detecting C compiler ABI info
[0.527s] -- Detecting C compiler ABI info - done
[0.539s] -- Check for working C compiler: /usr/bin/cc - skipped
[0.539s] -- Detecting C compile features
[0.539s] -- Detecting C compile features - done
[0.556s] -- Detecting CXX compiler ABI info
[0.734s] -- Detecting CXX compiler ABI info - done
[0.750s] -- Check for working CXX compiler: /usr/bin/c++ - skipped
[0.750s] -- Detecting CXX compile features
[0.751s] -- Detecting CXX compile features - done
[0.767s] -- Found ament_cmake: 2.5.4 (/opt/ros/jazzy/share/ament_cmake/cmake)
[1.039s] -- Found Python3: /usr/bin/python3 (found version "3.12.3") found components: Interpreter 
[1.291s] -- Found rclcpp: 28.1.13 (/opt/ros/jazzy/share/rclcpp/cmake)
[1.409s] -- Found rosidl_generator_c: 4.6.6 (/opt/ros/jazzy/share/rosidl_generator_c/cmake)
[1.445s] -- Found rosidl_generator_cpp: 4.6.6 (/opt/ros/jazzy/share/rosidl_generator_cpp/cmake)
[1.487s] -- Using all available rosidl_typesupport_c: rosidl_typesupport_fastrtps_c;rosidl_typesupport_introspection_c
[1.532s] -- Using all available rosidl_typesupport_cpp: rosidl_typesupport_fastrtps_cpp;rosidl_typesupport_introspection_cpp
[1.698s] -- Found rmw_implementation_cmake: 7.3.2 (/opt/ros/jazzy/share/rmw_implementation_cmake/cmake)
[1.708s] -- Found rmw_fastrtps_cpp: 8.4.3 (/opt/ros/jazzy/share/rmw_fastrtps_cpp/cmake)
[1.909s] -- Found OpenSSL: /usr/lib/x86_64-linux-gnu/libcrypto.so (found version "3.0.13")  
[1.948s] -- Found FastRTPS: /opt/ros/jazzy/include (Required is at least version "2.13") 
[1.987s] -- Using RMW implementation 'rmw_fastrtps_cpp' as default
[2.137s] -- Found geometry_msgs: 5.3.6 (/opt/ros/jazzy/share/geometry_msgs/cmake)
[2.200s] -- Found nav_msgs: 5.3.6 (/opt/ros/jazzy/share/nav_msgs/cmake)
[2.246s] -- Found sensor_msgs: 5.3.6 (/opt/ros/jazzy/share/sensor_msgs/cmake)
[2.451s] -- Configuring done (2.4s)
[2.470s] -- Generating done (0.0s)
[2.477s] -- Build files have been written to: /home/david/Documents/04_MOD/Labor4/ros2_ws/build/tb3_wall
[2.506s] Invoked command in '/home/david/Documents/04_MOD/Labor4/ros2_ws/build/tb3_wall' returned '0': CMAKE_PREFIX_PATH=${CMAKE_PREFIX_PATH}:/home/david/turtlebot3_ws/install/turtlebot3_teleop:/home/david/turtlebot3_ws/install/turtlebot3_example:/opt/ros/jazzy DEBUGINFOD_URLS=https://debuginfod.ubuntu.com /usr/bin/cmake /home/david/Documents/04_MOD/Labor4/ros2_ws/src/tb3_wall -DCMAKE_INSTALL_PREFIX=/home/david/Documents/04_MOD/Labor4/ros2_ws/install/tb3_wall
[2.508s] Invoking command in '/home/david/Documents/04_MOD/Labor4/ros2_ws/build/tb3_wall': CMAKE_PREFIX_PATH=${CMAKE_PREFIX_PATH}:/home/david/turtlebot3_ws/install/turtlebot3_teleop:/home/david/turtlebot3_ws/install/turtlebot3_example:/opt/ros/jazzy DEBUGINFOD_URLS=https://debuginfod.ubuntu.com /usr/bin/cmake --build /home/david/Documents/04_MOD/Labor4/ros2_ws/build/tb3_wall -- -j12 -l12
[2.601s] [ 50%] [32mBuilding CXX object CMakeFiles/tb3_wall_node.dir/src/tb3_wall.cpp.o[0m
[18.082s] [100%] [32m[1mLinking CXX executable tb3_wall_node[0m
[19.207s] [100%] Built target tb3_wall_node
[19.228s] Invoked command in '/home/david/Documents/04_MOD/Labor4/ros2_ws/build/tb3_wall' returned '0': CMAKE_PREFIX_PATH=${CMAKE_PREFIX_PATH}:/home/david/turtlebot3_ws/install/turtlebot3_teleop:/home/david/turtlebot3_ws/install/turtlebot3_example:/opt/ros/jazzy DEBUGINFOD_URLS=https://debuginfod.ubuntu.com /usr/bin/cmake --build /home/david/Documents/04_MOD/Labor4/ros2_ws/build/tb3_wall -- -j12 -l12
[19.230s] Invoking command in '/home/david/Documents/04_MOD/Labor4/ros2_ws/build/tb3_wall': CMAKE_PREFIX_PATH=${CMAKE_PREFIX_PATH}:/home/david/turtlebot3_ws/install/turtlebot3_teleop:/home/david/turtlebot3_ws/install/turtlebot3_example:/opt/ros/jazzy DEBUGINFOD_URLS=https://debuginfod.ubuntu.com /usr/bin/cmake --install /home/david/Documents/04_MOD/Labor4/ros2_ws/build/tb3_wall
[19.245s] -- Install configuration: ""
[19.245s] -- Installing: /home/david/Documents/04_MOD/Labor4/ros2_ws/install/tb3_wall/lib/tb3_wall/tb3_wall_node
[19.255s] -- Set non-toolchain portion of runtime path of "/home/david/Documents/04_MOD/Labor4/ros2_ws/install/tb3_wall/lib/tb3_wall/tb3_wall_node" to ""
[19.256s] -- Installing: /home/david/Documents/04_MOD/Labor4/ros2_ws/install/tb3_wall/share/ament_index/resource_index/package_run_dependencies/tb3_wall
[19.256s] -- Installing: /home/david/Documents/04_MOD/Labor4/ros2_ws/install/tb3_wall/share/ament_index/resource_index/parent_prefix_path/tb3_wall
[19.256s] -- Installing: /home/david/Documents/04_MOD/Labor4/ros2_ws/install/tb3_wall/share/tb3_wall/environment/ament_prefix_path.sh
[19.256s] -- Installing: /home/david/Documents/04_MOD/Labor4/ros2_ws/install/tb3_wall/share/tb3_wall/environment/ament_prefix_path.dsv
[19.257s] -- Installing: /home/david/Documents/04_MOD/Labor4/ros2_ws/install/tb3_wall/share/tb3_wall/environment/path.sh
[19.257s] -- Installing: /home/david/Documents/04_MOD/Labor4/ros2_ws/install/tb3_wall/share/tb3_wall/environment/path.dsv
[19.257s] -- Installing: /home/david/Documents/04_MOD/Labor4/ros2_ws/install/tb3_wall/share/tb3_wall/local_setup.bash
[19.257s] -- Installing: /home/david/Documents/04_MOD/Labor4/ros2_ws/install/tb3_wall/share/tb3_wall/local_setup.sh
[19.258s] -- Installing: /home/david/Documents/04_MOD/Labor4/ros2_ws/install/tb3_wall/share/tb3_wall/local_setup.zsh
[19.258s] -- Installing: /home/david/Documents/04_MOD/Labor4/ros2_ws/install/tb3_wall/share/tb3_wall/local_setup.dsv
[19.258s] -- Installing: /home/david/Documents/04_MOD/Labor4/ros2_ws/install/tb3_wall/share/tb3_wall/package.dsv
[19.258s] -- Installing: /home/david/Documents/04_MOD/Labor4/ros2_ws/install/tb3_wall/share/ament_index/resource_index/packages/tb3_wall
[19.259s] -- Installing: /home/david/Documents/04_MOD/Labor4/ros2_ws/install/tb3_wall/share/tb3_wall/cmake/tb3_wallConfig.cmake
[19.259s] -- Installing: /home/david/Documents/04_MOD/Labor4/ros2_ws/install/tb3_wall/share/tb3_wall/cmake/tb3_wallConfig-version.cmake
[19.259s] -- Installing: /home/david/Documents/04_MOD/Labor4/ros2_ws/install/tb3_wall/share/tb3_wall/package.xml
[19.264s] Invoked command in '/home/david/Documents/04_MOD/Labor4/ros2_ws/build/tb3_wall' returned '0': CMAKE_PREFIX_PATH=${CMAKE_PREFIX_PATH}:/home/david/turtlebot3_ws/install/turtlebot3_teleop:/home/david/turtlebot3_ws/install/turtlebot3_example:/opt/ros/jazzy DEBUGINFOD_URLS=https://debuginfod.ubuntu.com /usr/bin/cmake --install /home/david/Documents/04_MOD/Labor4/ros2_ws/build/tb3_wall
