[0.020s] Invoking command in '/home/david/Documents/04_MOD/Labor4/ros2_ws/src/build/tb3_slalom': CMAKE_PREFIX_PATH=${CMAKE_PREFIX_PATH}:/home/david/turtlebot3_ws/install/turtlebot3_teleop:/home/david/turtlebot3_ws/install/turtlebot3_example:/opt/ros/jazzy DEBUGINFOD_URLS=https://debuginfod.ubuntu.com /usr/bin/cmake --build /home/david/Documents/04_MOD/Labor4/ros2_ws/src/build/tb3_slalom -- -j12 -l12
[0.106s] [ 50%] [32mBuilding CXX object CMakeFiles/tb3_slalom_node.dir/src/tb3_slalom.cpp.o[0m
[9.691s] [100%] [32m[1mLinking CXX executable tb3_slalom_node[0m
[10.261s] [100%] Built target tb3_slalom_node
[10.277s] Invoked command in '/home/david/Documents/04_MOD/Labor4/ros2_ws/src/build/tb3_slalom' returned '0': CMAKE_PREFIX_PATH=${CMAKE_PREFIX_PATH}:/home/david/turtlebot3_ws/install/turtlebot3_teleop:/home/david/turtlebot3_ws/install/turtlebot3_example:/opt/ros/jazzy DEBUGINFOD_URLS=https://debuginfod.ubuntu.com /usr/bin/cmake --build /home/david/Documents/04_MOD/Labor4/ros2_ws/src/build/tb3_slalom -- -j12 -l12
[10.279s] Invoking command in '/home/david/Documents/04_MOD/Labor4/ros2_ws/src/build/tb3_slalom': CMAKE_PREFIX_PATH=${CMAKE_PREFIX_PATH}:/home/david/turtlebot3_ws/install/turtlebot3_teleop:/home/david/turtlebot3_ws/install/turtlebot3_example:/opt/ros/jazzy DEBUGINFOD_URLS=https://debuginfod.ubuntu.com /usr/bin/cmake --install /home/david/Documents/04_MOD/Labor4/ros2_ws/src/build/tb3_slalom
[10.289s] -- Install configuration: ""
[10.289s] -- Installing: /home/david/Documents/04_MOD/Labor4/ros2_ws/src/install/tb3_slalom/lib/tb3_slalom/tb3_slalom_node
[10.299s] -- Set non-toolchain portion of runtime path of "/home/david/Documents/04_MOD/Labor4/ros2_ws/src/install/tb3_slalom/lib/tb3_slalom/tb3_slalom_node" to ""
[10.300s] -- Up-to-date: /home/david/Documents/04_MOD/Labor4/ros2_ws/src/install/tb3_slalom/share/ament_index/resource_index/package_run_dependencies/tb3_slalom
[10.300s] -- Up-to-date: /home/david/Documents/04_MOD/Labor4/ros2_ws/src/install/tb3_slalom/share/ament_index/resource_index/parent_prefix_path/tb3_slalom
[10.300s] -- Up-to-date: /home/david/Documents/04_MOD/Labor4/ros2_ws/src/install/tb3_slalom/share/tb3_slalom/environment/ament_prefix_path.sh
[10.300s] -- Up-to-date: /home/david/Documents/04_MOD/Labor4/ros2_ws/src/install/tb3_slalom/share/tb3_slalom/environment/ament_prefix_path.dsv
[10.300s] -- Up-to-date: /home/david/Documents/04_MOD/Labor4/ros2_ws/src/install/tb3_slalom/share/tb3_slalom/environment/path.sh
[10.300s] -- Up-to-date: /home/david/Documents/04_MOD/Labor4/ros2_ws/src/install/tb3_slalom/share/tb3_slalom/environment/path.dsv
[10.300s] -- Up-to-date: /home/david/Documents/04_MOD/Labor4/ros2_ws/src/install/tb3_slalom/share/tb3_slalom/local_setup.bash
[10.301s] -- Up-to-date: /home/david/Documents/04_MOD/Labor4/ros2_ws/src/install/tb3_slalom/share/tb3_slalom/local_setup.sh
[10.301s] -- Up-to-date: /home/david/Documents/04_MOD/Labor4/ros2_ws/src/install/tb3_slalom/share/tb3_slalom/local_setup.zsh
[10.301s] -- Up-to-date: /home/david/Documents/04_MOD/Labor4/ros2_ws/src/install/tb3_slalom/share/tb3_slalom/local_setup.dsv
[10.301s] -- Installing: /home/david/Documents/04_MOD/Labor4/ros2_ws/src/install/tb3_slalom/share/tb3_slalom/package.dsv
[10.301s] -- Up-to-date: /home/david/Documents/04_MOD/Labor4/ros2_ws/src/install/tb3_slalom/share/ament_index/resource_index/packages/tb3_slalom
[10.301s] -- Up-to-date: /home/david/Documents/04_MOD/Labor4/ros2_ws/src/install/tb3_slalom/share/tb3_slalom/cmake/tb3_slalomConfig.cmake
[10.301s] -- Up-to-date: /home/david/Documents/04_MOD/Labor4/ros2_ws/src/install/tb3_slalom/share/tb3_slalom/cmake/tb3_slalomConfig-version.cmake
[10.301s] -- Up-to-date: /home/david/Documents/04_MOD/Labor4/ros2_ws/src/install/tb3_slalom/share/tb3_slalom/package.xml
[10.303s] Invoked command in '/home/david/Documents/04_MOD/Labor4/ros2_ws/src/build/tb3_slalom' returned '0': CMAKE_PREFIX_PATH=${CMAKE_PREFIX_PATH}:/home/david/turtlebot3_ws/install/turtlebot3_teleop:/home/david/turtlebot3_ws/install/turtlebot3_example:/opt/ros/jazzy DEBUGINFOD_URLS=https://debuginfod.ubuntu.com /usr/bin/cmake --install /home/david/Documents/04_MOD/Labor4/ros2_ws/src/build/tb3_slalom
