[0.025s] Invoking command in '/home/david/Documents/04_MOD/Labor4/ros2_ws/build/tb3_slalom': CMAKE_PREFIX_PATH=${CMAKE_PREFIX_PATH}:/home/david/turtlebot3_ws/install/turtlebot3_teleop:/home/david/turtlebot3_ws/install/turtlebot3_example:/opt/ros/jazzy DEBUGINFOD_URLS=https://debuginfod.ubuntu.com /usr/bin/cmake --build /home/david/Documents/04_MOD/Labor4/ros2_ws/build/tb3_slalom -- -j12 -l12
[0.136s] [ 50%] [32mBuilding CXX object CMakeFiles/tb3_slalom_node.dir/src/tb3_slalom.cpp.o[0m
[15.013s] [100%] [32m[1mLinking CXX executable tb3_slalom_node[0m
[15.993s] [100%] Built target tb3_slalom_node
[16.012s] Invoked command in '/home/david/Documents/04_MOD/Labor4/ros2_ws/build/tb3_slalom' returned '0': CMAKE_PREFIX_PATH=${CMAKE_PREFIX_PATH}:/home/david/turtlebot3_ws/install/turtlebot3_teleop:/home/david/turtlebot3_ws/install/turtlebot3_example:/opt/ros/jazzy DEBUGINFOD_URLS=https://debuginfod.ubuntu.com /usr/bin/cmake --build /home/david/Documents/04_MOD/Labor4/ros2_ws/build/tb3_slalom -- -j12 -l12
[16.013s] Invoking command in '/home/david/Documents/04_MOD/Labor4/ros2_ws/build/tb3_slalom': CMAKE_PREFIX_PATH=${CMAKE_PREFIX_PATH}:/home/david/turtlebot3_ws/install/turtlebot3_teleop:/home/david/turtlebot3_ws/install/turtlebot3_example:/opt/ros/jazzy DEBUGINFOD_URLS=https://debuginfod.ubuntu.com /usr/bin/cmake --install /home/david/Documents/04_MOD/Labor4/ros2_ws/build/tb3_slalom
[16.027s] -- Install configuration: ""
[16.027s] -- Installing: /home/david/Documents/04_MOD/Labor4/ros2_ws/install/tb3_slalom/lib/tb3_slalom/tb3_slalom_node
[16.040s] -- Set non-toolchain portion of runtime path of "/home/david/Documents/04_MOD/Labor4/ros2_ws/install/tb3_slalom/lib/tb3_slalom/tb3_slalom_node" to ""
[16.040s] -- Up-to-date: /home/david/Documents/04_MOD/Labor4/ros2_ws/install/tb3_slalom/share/ament_index/resource_index/package_run_dependencies/tb3_slalom
[16.041s] -- Up-to-date: /home/david/Documents/04_MOD/Labor4/ros2_ws/install/tb3_slalom/share/ament_index/resource_index/parent_prefix_path/tb3_slalom
[16.041s] -- Up-to-date: /home/david/Documents/04_MOD/Labor4/ros2_ws/install/tb3_slalom/share/tb3_slalom/environment/ament_prefix_path.sh
[16.041s] -- Up-to-date: /home/david/Documents/04_MOD/Labor4/ros2_ws/install/tb3_slalom/share/tb3_slalom/environment/ament_prefix_path.dsv
[16.041s] -- Up-to-date: /home/david/Documents/04_MOD/Labor4/ros2_ws/install/tb3_slalom/share/tb3_slalom/environment/path.sh
[16.041s] -- Up-to-date: /home/david/Documents/04_MOD/Labor4/ros2_ws/install/tb3_slalom/share/tb3_slalom/environment/path.dsv
[16.041s] -- Up-to-date: /home/david/Documents/04_MOD/Labor4/ros2_ws/install/tb3_slalom/share/tb3_slalom/local_setup.bash
[16.041s] -- Up-to-date: /home/david/Documents/04_MOD/Labor4/ros2_ws/install/tb3_slalom/share/tb3_slalom/local_setup.sh
[16.041s] -- Up-to-date: /home/david/Documents/04_MOD/Labor4/ros2_ws/install/tb3_slalom/share/tb3_slalom/local_setup.zsh
[16.041s] -- Up-to-date: /home/david/Documents/04_MOD/Labor4/ros2_ws/install/tb3_slalom/share/tb3_slalom/local_setup.dsv
[16.041s] -- Installing: /home/david/Documents/04_MOD/Labor4/ros2_ws/install/tb3_slalom/share/tb3_slalom/package.dsv
[16.041s] -- Up-to-date: /home/david/Documents/04_MOD/Labor4/ros2_ws/install/tb3_slalom/share/ament_index/resource_index/packages/tb3_slalom
[16.041s] -- Up-to-date: /home/david/Documents/04_MOD/Labor4/ros2_ws/install/tb3_slalom/share/tb3_slalom/cmake/tb3_slalomConfig.cmake
[16.042s] -- Up-to-date: /home/david/Documents/04_MOD/Labor4/ros2_ws/install/tb3_slalom/share/tb3_slalom/cmake/tb3_slalomConfig-version.cmake
[16.042s] -- Up-to-date: /home/david/Documents/04_MOD/Labor4/ros2_ws/install/tb3_slalom/share/tb3_slalom/package.xml
[16.044s] Invoked command in '/home/david/Documents/04_MOD/Labor4/ros2_ws/build/tb3_slalom' returned '0': CMAKE_PREFIX_PATH=${CMAKE_PREFIX_PATH}:/home/david/turtlebot3_ws/install/turtlebot3_teleop:/home/david/turtlebot3_ws/install/turtlebot3_example:/opt/ros/jazzy DEBUGINFOD_URLS=https://debuginfod.ubuntu.com /usr/bin/cmake --install /home/david/Documents/04_MOD/Labor4/ros2_ws/build/tb3_slalom
