[0.212s] DEBUG:colcon:Command line arguments: ['/usr/bin/colcon', 'build']
[0.213s] DEBUG:colcon:Parsed command line arguments: Namespace(log_base=None, log_level=None, verb_name='build', build_base='build', install_base='install', merge_install=False, symlink_install=False, test_result_base=None, continue_on_error=False, executor='parallel', parallel_workers=12, event_handlers=None, ignore_user_meta=False, metas=['./colcon.meta'], base_paths=['.'], packages_ignore=None, packages_ignore_regex=None, paths=None, packages_up_to=None, packages_up_to_regex=None, packages_above=None, packages_above_and_dependencies=None, packages_above_depth=None, packages_select_by_dep=None, packages_skip_by_dep=None, packages_skip_up_to=None, packages_select_build_failed=False, packages_skip_build_finished=False, packages_select_test_failures=False, packages_skip_test_passed=False, packages_select=None, packages_skip=None, packages_select_regex=None, packages_skip_regex=None, packages_start=None, packages_end=None, allow_overriding=[], cmake_args=None, cmake_target=None, cmake_target_skip_unavailable=False, cmake_clean_cache=False, cmake_clean_first=False, cmake_force_configure=False, ament_cmake_args=None, catkin_cmake_args=None, catkin_skip_building_tests=False, verb_parser=<colcon_defaults.argument_parser.defaults.DefaultArgumentsDecorator object at 0x7fe594c46cc0>, verb_extension=<colcon_core.verb.build.BuildVerb object at 0x7fe594c46d80>, main=<bound method BuildVerb.main of <colcon_core.verb.build.BuildVerb object at 0x7fe594c46d80>>)
[0.275s] Level 1:colcon.colcon_core.package_discovery:discover_packages(colcon_meta) check parameters
[0.275s] Level 1:colcon.colcon_core.package_discovery:discover_packages(recursive) check parameters
[0.275s] Level 1:colcon.colcon_core.package_discovery:discover_packages(ignore) check parameters
[0.275s] Level 1:colcon.colcon_core.package_discovery:discover_packages(path) check parameters
[0.275s] Level 1:colcon.colcon_core.package_discovery:discover_packages(colcon_meta) discover
[0.275s] Level 1:colcon.colcon_core.package_discovery:discover_packages(recursive) discover
[0.275s] INFO:colcon.colcon_core.package_discovery:Crawling recursively for packages in '/home/david/Documents/04_MOD/Labor4/ros2_ws'
[0.275s] Level 1:colcon.colcon_core.package_identification:_identify(.) by extensions ['ignore', 'ignore_ament_install']
[0.276s] Level 1:colcon.colcon_core.package_identification:_identify(.) by extension 'ignore'
[0.276s] Level 1:colcon.colcon_core.package_identification:_identify(.) by extension 'ignore_ament_install'
[0.276s] Level 1:colcon.colcon_core.package_identification:_identify(.) by extensions ['colcon_pkg']
[0.276s] Level 1:colcon.colcon_core.package_identification:_identify(.) by extension 'colcon_pkg'
[0.276s] Level 1:colcon.colcon_core.package_identification:_identify(.) by extensions ['colcon_meta']
[0.276s] Level 1:colcon.colcon_core.package_identification:_identify(.) by extension 'colcon_meta'
[0.276s] Level 1:colcon.colcon_core.package_identification:_identify(.) by extensions ['ros']
[0.276s] Level 1:colcon.colcon_core.package_identification:_identify(.) by extension 'ros'
[0.312s] Level 1:colcon.colcon_core.package_identification:_identify(.) by extensions ['cmake', 'python']
[0.312s] Level 1:colcon.colcon_core.package_identification:_identify(.) by extension 'cmake'
[0.312s] Level 1:colcon.colcon_core.package_identification:_identify(.) by extension 'python'
[0.312s] Level 1:colcon.colcon_core.package_identification:_identify(.) by extensions ['python_setup_py']
[0.312s] Level 1:colcon.colcon_core.package_identification:_identify(.) by extension 'python_setup_py'
[0.312s] Level 1:colcon.colcon_core.package_identification:_identify(build) by extensions ['ignore', 'ignore_ament_install']
[0.312s] Level 1:colcon.colcon_core.package_identification:_identify(build) by extension 'ignore'
[0.312s] Level 1:colcon.colcon_core.package_identification:_identify(build) ignored
[0.312s] Level 1:colcon.colcon_core.package_identification:_identify(install) by extensions ['ignore', 'ignore_ament_install']
[0.312s] Level 1:colcon.colcon_core.package_identification:_identify(install) by extension 'ignore'
[0.312s] Level 1:colcon.colcon_core.package_identification:_identify(install) ignored
[0.313s] Level 1:colcon.colcon_core.package_identification:_identify(log) by extensions ['ignore', 'ignore_ament_install']
[0.313s] Level 1:colcon.colcon_core.package_identification:_identify(log) by extension 'ignore'
[0.313s] Level 1:colcon.colcon_core.package_identification:_identify(log) ignored
[0.313s] Level 1:colcon.colcon_core.package_identification:_identify(src) by extensions ['ignore', 'ignore_ament_install']
[0.313s] Level 1:colcon.colcon_core.package_identification:_identify(src) by extension 'ignore'
[0.313s] Level 1:colcon.colcon_core.package_identification:_identify(src) by extension 'ignore_ament_install'
[0.313s] Level 1:colcon.colcon_core.package_identification:_identify(src) by extensions ['colcon_pkg']
[0.313s] Level 1:colcon.colcon_core.package_identification:_identify(src) by extension 'colcon_pkg'
[0.313s] Level 1:colcon.colcon_core.package_identification:_identify(src) by extensions ['colcon_meta']
[0.313s] Level 1:colcon.colcon_core.package_identification:_identify(src) by extension 'colcon_meta'
[0.313s] Level 1:colcon.colcon_core.package_identification:_identify(src) by extensions ['ros']
[0.313s] Level 1:colcon.colcon_core.package_identification:_identify(src) by extension 'ros'
[0.313s] Level 1:colcon.colcon_core.package_identification:_identify(src) by extensions ['cmake', 'python']
[0.313s] Level 1:colcon.colcon_core.package_identification:_identify(src) by extension 'cmake'
[0.313s] Level 1:colcon.colcon_core.package_identification:_identify(src) by extension 'python'
[0.313s] Level 1:colcon.colcon_core.package_identification:_identify(src) by extensions ['python_setup_py']
[0.314s] Level 1:colcon.colcon_core.package_identification:_identify(src) by extension 'python_setup_py'
[0.314s] Level 1:colcon.colcon_core.package_identification:_identify(src/my_models) by extensions ['ignore', 'ignore_ament_install']
[0.314s] Level 1:colcon.colcon_core.package_identification:_identify(src/my_models) by extension 'ignore'
[0.314s] Level 1:colcon.colcon_core.package_identification:_identify(src/my_models) by extension 'ignore_ament_install'
[0.314s] Level 1:colcon.colcon_core.package_identification:_identify(src/my_models) by extensions ['colcon_pkg']
[0.314s] Level 1:colcon.colcon_core.package_identification:_identify(src/my_models) by extension 'colcon_pkg'
[0.314s] Level 1:colcon.colcon_core.package_identification:_identify(src/my_models) by extensions ['colcon_meta']
[0.314s] Level 1:colcon.colcon_core.package_identification:_identify(src/my_models) by extension 'colcon_meta'
[0.314s] Level 1:colcon.colcon_core.package_identification:_identify(src/my_models) by extensions ['ros']
[0.314s] Level 1:colcon.colcon_core.package_identification:_identify(src/my_models) by extension 'ros'
[0.314s] Level 1:colcon.colcon_core.package_identification:_identify(src/my_models) by extensions ['cmake', 'python']
[0.314s] Level 1:colcon.colcon_core.package_identification:_identify(src/my_models) by extension 'cmake'
[0.314s] Level 1:colcon.colcon_core.package_identification:_identify(src/my_models) by extension 'python'
[0.314s] Level 1:colcon.colcon_core.package_identification:_identify(src/my_models) by extensions ['python_setup_py']
[0.314s] Level 1:colcon.colcon_core.package_identification:_identify(src/my_models) by extension 'python_setup_py'
[0.315s] Level 1:colcon.colcon_core.package_identification:_identify(src/my_models/cylinder_5cm) by extensions ['ignore', 'ignore_ament_install']
[0.315s] Level 1:colcon.colcon_core.package_identification:_identify(src/my_models/cylinder_5cm) by extension 'ignore'
[0.315s] Level 1:colcon.colcon_core.package_identification:_identify(src/my_models/cylinder_5cm) by extension 'ignore_ament_install'
[0.315s] Level 1:colcon.colcon_core.package_identification:_identify(src/my_models/cylinder_5cm) by extensions ['colcon_pkg']
[0.315s] Level 1:colcon.colcon_core.package_identification:_identify(src/my_models/cylinder_5cm) by extension 'colcon_pkg'
[0.315s] Level 1:colcon.colcon_core.package_identification:_identify(src/my_models/cylinder_5cm) by extensions ['colcon_meta']
[0.315s] Level 1:colcon.colcon_core.package_identification:_identify(src/my_models/cylinder_5cm) by extension 'colcon_meta'
[0.315s] Level 1:colcon.colcon_core.package_identification:_identify(src/my_models/cylinder_5cm) by extensions ['ros']
[0.315s] Level 1:colcon.colcon_core.package_identification:_identify(src/my_models/cylinder_5cm) by extension 'ros'
[0.315s] Level 1:colcon.colcon_core.package_identification:_identify(src/my_models/cylinder_5cm) by extensions ['cmake', 'python']
[0.315s] Level 1:colcon.colcon_core.package_identification:_identify(src/my_models/cylinder_5cm) by extension 'cmake'
[0.315s] Level 1:colcon.colcon_core.package_identification:_identify(src/my_models/cylinder_5cm) by extension 'python'
[0.315s] Level 1:colcon.colcon_core.package_identification:_identify(src/my_models/cylinder_5cm) by extensions ['python_setup_py']
[0.315s] Level 1:colcon.colcon_core.package_identification:_identify(src/my_models/cylinder_5cm) by extension 'python_setup_py'
[0.316s] Level 1:colcon.colcon_core.package_identification:_identify(src/my_models/cylinder_5cm/models) by extensions ['ignore', 'ignore_ament_install']
[0.316s] Level 1:colcon.colcon_core.package_identification:_identify(src/my_models/cylinder_5cm/models) by extension 'ignore'
[0.316s] Level 1:colcon.colcon_core.package_identification:_identify(src/my_models/cylinder_5cm/models) by extension 'ignore_ament_install'
[0.316s] Level 1:colcon.colcon_core.package_identification:_identify(src/my_models/cylinder_5cm/models) by extensions ['colcon_pkg']
[0.316s] Level 1:colcon.colcon_core.package_identification:_identify(src/my_models/cylinder_5cm/models) by extension 'colcon_pkg'
[0.316s] Level 1:colcon.colcon_core.package_identification:_identify(src/my_models/cylinder_5cm/models) by extensions ['colcon_meta']
[0.316s] Level 1:colcon.colcon_core.package_identification:_identify(src/my_models/cylinder_5cm/models) by extension 'colcon_meta'
[0.316s] Level 1:colcon.colcon_core.package_identification:_identify(src/my_models/cylinder_5cm/models) by extensions ['ros']
[0.316s] Level 1:colcon.colcon_core.package_identification:_identify(src/my_models/cylinder_5cm/models) by extension 'ros'
[0.316s] Level 1:colcon.colcon_core.package_identification:_identify(src/my_models/cylinder_5cm/models) by extensions ['cmake', 'python']
[0.316s] Level 1:colcon.colcon_core.package_identification:_identify(src/my_models/cylinder_5cm/models) by extension 'cmake'
[0.316s] Level 1:colcon.colcon_core.package_identification:_identify(src/my_models/cylinder_5cm/models) by extension 'python'
[0.316s] Level 1:colcon.colcon_core.package_identification:_identify(src/my_models/cylinder_5cm/models) by extensions ['python_setup_py']
[0.316s] Level 1:colcon.colcon_core.package_identification:_identify(src/my_models/cylinder_5cm/models) by extension 'python_setup_py'
[0.317s] Level 1:colcon.colcon_core.package_identification:_identify(src/my_models/cylinder_5cm/models/my_cylinder) by extensions ['ignore', 'ignore_ament_install']
[0.317s] Level 1:colcon.colcon_core.package_identification:_identify(src/my_models/cylinder_5cm/models/my_cylinder) by extension 'ignore'
[0.317s] Level 1:colcon.colcon_core.package_identification:_identify(src/my_models/cylinder_5cm/models/my_cylinder) by extension 'ignore_ament_install'
[0.317s] Level 1:colcon.colcon_core.package_identification:_identify(src/my_models/cylinder_5cm/models/my_cylinder) by extensions ['colcon_pkg']
[0.317s] Level 1:colcon.colcon_core.package_identification:_identify(src/my_models/cylinder_5cm/models/my_cylinder) by extension 'colcon_pkg'
[0.317s] Level 1:colcon.colcon_core.package_identification:_identify(src/my_models/cylinder_5cm/models/my_cylinder) by extensions ['colcon_meta']
[0.317s] Level 1:colcon.colcon_core.package_identification:_identify(src/my_models/cylinder_5cm/models/my_cylinder) by extension 'colcon_meta'
[0.317s] Level 1:colcon.colcon_core.package_identification:_identify(src/my_models/cylinder_5cm/models/my_cylinder) by extensions ['ros']
[0.317s] Level 1:colcon.colcon_core.package_identification:_identify(src/my_models/cylinder_5cm/models/my_cylinder) by extension 'ros'
[0.318s] Level 1:colcon.colcon_core.package_identification:_identify(src/my_models/cylinder_5cm/models/my_cylinder) by extensions ['cmake', 'python']
[0.318s] Level 1:colcon.colcon_core.package_identification:_identify(src/my_models/cylinder_5cm/models/my_cylinder) by extension 'cmake'
[0.318s] Level 1:colcon.colcon_core.package_identification:_identify(src/my_models/cylinder_5cm/models/my_cylinder) by extension 'python'
[0.318s] Level 1:colcon.colcon_core.package_identification:_identify(src/my_models/cylinder_5cm/models/my_cylinder) by extensions ['python_setup_py']
[0.318s] Level 1:colcon.colcon_core.package_identification:_identify(src/my_models/cylinder_5cm/models/my_cylinder) by extension 'python_setup_py'
[0.318s] Level 1:colcon.colcon_core.package_identification:_identify(src/tb3_slalom) by extensions ['ignore', 'ignore_ament_install']
[0.318s] Level 1:colcon.colcon_core.package_identification:_identify(src/tb3_slalom) by extension 'ignore'
[0.318s] Level 1:colcon.colcon_core.package_identification:_identify(src/tb3_slalom) by extension 'ignore_ament_install'
[0.318s] Level 1:colcon.colcon_core.package_identification:_identify(src/tb3_slalom) by extensions ['colcon_pkg']
[0.318s] Level 1:colcon.colcon_core.package_identification:_identify(src/tb3_slalom) by extension 'colcon_pkg'
[0.318s] Level 1:colcon.colcon_core.package_identification:_identify(src/tb3_slalom) by extensions ['colcon_meta']
[0.318s] Level 1:colcon.colcon_core.package_identification:_identify(src/tb3_slalom) by extension 'colcon_meta'
[0.318s] Level 1:colcon.colcon_core.package_identification:_identify(src/tb3_slalom) by extensions ['ros']
[0.318s] Level 1:colcon.colcon_core.package_identification:_identify(src/tb3_slalom) by extension 'ros'
[0.322s] DEBUG:colcon.colcon_core.package_identification:Package 'src/tb3_slalom' with type 'ros.ament_cmake' and name 'tb3_slalom'
[0.322s] Level 1:colcon.colcon_core.package_identification:_identify(src/tb3_wall) by extensions ['ignore', 'ignore_ament_install']
[0.322s] Level 1:colcon.colcon_core.package_identification:_identify(src/tb3_wall) by extension 'ignore'
[0.322s] Level 1:colcon.colcon_core.package_identification:_identify(src/tb3_wall) by extension 'ignore_ament_install'
[0.322s] Level 1:colcon.colcon_core.package_identification:_identify(src/tb3_wall) by extensions ['colcon_pkg']
[0.322s] Level 1:colcon.colcon_core.package_identification:_identify(src/tb3_wall) by extension 'colcon_pkg'
[0.323s] Level 1:colcon.colcon_core.package_identification:_identify(src/tb3_wall) by extensions ['colcon_meta']
[0.323s] Level 1:colcon.colcon_core.package_identification:_identify(src/tb3_wall) by extension 'colcon_meta'
[0.323s] Level 1:colcon.colcon_core.package_identification:_identify(src/tb3_wall) by extensions ['ros']
[0.323s] Level 1:colcon.colcon_core.package_identification:_identify(src/tb3_wall) by extension 'ros'
[0.323s] DEBUG:colcon.colcon_core.package_identification:Package 'src/tb3_wall' with type 'ros.ament_cmake' and name 'tb3_wall'
[0.323s] Level 1:colcon.colcon_core.package_discovery:discover_packages(recursive) using defaults
[0.323s] Level 1:colcon.colcon_core.package_discovery:discover_packages(ignore) discover
[0.323s] Level 1:colcon.colcon_core.package_discovery:discover_packages(ignore) using defaults
[0.323s] Level 1:colcon.colcon_core.package_discovery:discover_packages(path) discover
[0.323s] Level 1:colcon.colcon_core.package_discovery:discover_packages(path) using defaults
[0.352s] Level 1:colcon.colcon_core.package_discovery:discover_packages(prefix_path) check parameters
[0.352s] Level 1:colcon.colcon_core.package_discovery:discover_packages(prefix_path) discover
[0.356s] DEBUG:colcon.colcon_installed_package_information.package_discovery:Found 2 installed packages in /home/david/Documents/04_MOD/Labor4/ros2_ws/install
[0.356s] DEBUG:colcon.colcon_installed_package_information.package_discovery:Found 15 installed packages in /home/david/turtlebot3_ws/install
[0.359s] DEBUG:colcon.colcon_installed_package_information.package_discovery:Found 381 installed packages in /opt/ros/jazzy
[0.360s] Level 1:colcon.colcon_core.package_discovery:discover_packages(prefix_path) using defaults
[0.423s] Level 5:colcon.colcon_core.verb:set package 'tb3_slalom' build argument 'cmake_args' from command line to 'None'
[0.424s] Level 5:colcon.colcon_core.verb:set package 'tb3_slalom' build argument 'cmake_target' from command line to 'None'
[0.424s] Level 5:colcon.colcon_core.verb:set package 'tb3_slalom' build argument 'cmake_target_skip_unavailable' from command line to 'False'
[0.424s] Level 5:colcon.colcon_core.verb:set package 'tb3_slalom' build argument 'cmake_clean_cache' from command line to 'False'
[0.424s] Level 5:colcon.colcon_core.verb:set package 'tb3_slalom' build argument 'cmake_clean_first' from command line to 'False'
[0.424s] Level 5:colcon.colcon_core.verb:set package 'tb3_slalom' build argument 'cmake_force_configure' from command line to 'False'
[0.424s] Level 5:colcon.colcon_core.verb:set package 'tb3_slalom' build argument 'ament_cmake_args' from command line to 'None'
[0.424s] Level 5:colcon.colcon_core.verb:set package 'tb3_slalom' build argument 'catkin_cmake_args' from command line to 'None'
[0.424s] Level 5:colcon.colcon_core.verb:set package 'tb3_slalom' build argument 'catkin_skip_building_tests' from command line to 'False'
[0.424s] DEBUG:colcon.colcon_core.verb:Building package 'tb3_slalom' with the following arguments: {'ament_cmake_args': None, 'build_base': '/home/david/Documents/04_MOD/Labor4/ros2_ws/build/tb3_slalom', 'catkin_cmake_args': None, 'catkin_skip_building_tests': False, 'cmake_args': None, 'cmake_clean_cache': False, 'cmake_clean_first': False, 'cmake_force_configure': False, 'cmake_target': None, 'cmake_target_skip_unavailable': False, 'install_base': '/home/david/Documents/04_MOD/Labor4/ros2_ws/install/tb3_slalom', 'merge_install': False, 'path': '/home/david/Documents/04_MOD/Labor4/ros2_ws/src/tb3_slalom', 'symlink_install': False, 'test_result_base': None}
[0.424s] Level 5:colcon.colcon_core.verb:set package 'tb3_wall' build argument 'cmake_args' from command line to 'None'
[0.424s] Level 5:colcon.colcon_core.verb:set package 'tb3_wall' build argument 'cmake_target' from command line to 'None'
[0.424s] Level 5:colcon.colcon_core.verb:set package 'tb3_wall' build argument 'cmake_target_skip_unavailable' from command line to 'False'
[0.424s] Level 5:colcon.colcon_core.verb:set package 'tb3_wall' build argument 'cmake_clean_cache' from command line to 'False'
[0.424s] Level 5:colcon.colcon_core.verb:set package 'tb3_wall' build argument 'cmake_clean_first' from command line to 'False'
[0.425s] Level 5:colcon.colcon_core.verb:set package 'tb3_wall' build argument 'cmake_force_configure' from command line to 'False'
[0.425s] Level 5:colcon.colcon_core.verb:set package 'tb3_wall' build argument 'ament_cmake_args' from command line to 'None'
[0.425s] Level 5:colcon.colcon_core.verb:set package 'tb3_wall' build argument 'catkin_cmake_args' from command line to 'None'
[0.425s] Level 5:colcon.colcon_core.verb:set package 'tb3_wall' build argument 'catkin_skip_building_tests' from command line to 'False'
[0.425s] DEBUG:colcon.colcon_core.verb:Building package 'tb3_wall' with the following arguments: {'ament_cmake_args': None, 'build_base': '/home/david/Documents/04_MOD/Labor4/ros2_ws/build/tb3_wall', 'catkin_cmake_args': None, 'catkin_skip_building_tests': False, 'cmake_args': None, 'cmake_clean_cache': False, 'cmake_clean_first': False, 'cmake_force_configure': False, 'cmake_target': None, 'cmake_target_skip_unavailable': False, 'install_base': '/home/david/Documents/04_MOD/Labor4/ros2_ws/install/tb3_wall', 'merge_install': False, 'path': '/home/david/Documents/04_MOD/Labor4/ros2_ws/src/tb3_wall', 'symlink_install': False, 'test_result_base': None}
[0.425s] INFO:colcon.colcon_core.executor:Executing jobs using 'parallel' executor
[0.426s] DEBUG:colcon.colcon_parallel_executor.executor.parallel:run_until_complete
[0.427s] INFO:colcon.colcon_ros.task.ament_cmake.build:Building ROS package in '/home/david/Documents/04_MOD/Labor4/ros2_ws/src/tb3_slalom' with build type 'ament_cmake'
[0.427s] INFO:colcon.colcon_cmake.task.cmake.build:Building CMake package in '/home/david/Documents/04_MOD/Labor4/ros2_ws/src/tb3_slalom'
[0.432s] INFO:colcon.colcon_core.plugin_system:Skipping extension 'colcon_core.shell.bat': Not used on non-Windows systems
[0.433s] INFO:colcon.colcon_core.shell:Skip shell extension 'powershell' for command environment: Not usable outside of PowerShell
[0.433s] DEBUG:colcon.colcon_core.shell:Skip shell extension 'dsv' for command environment
[0.440s] INFO:colcon.colcon_ros.task.ament_cmake.build:Building ROS package in '/home/david/Documents/04_MOD/Labor4/ros2_ws/src/tb3_wall' with build type 'ament_cmake'
[0.440s] INFO:colcon.colcon_cmake.task.cmake.build:Building CMake package in '/home/david/Documents/04_MOD/Labor4/ros2_ws/src/tb3_wall'
[0.441s] INFO:colcon.colcon_core.shell:Skip shell extension 'powershell' for command environment: Not usable outside of PowerShell
[0.441s] DEBUG:colcon.colcon_core.shell:Skip shell extension 'dsv' for command environment
[0.455s] DEBUG:colcon.colcon_core.event_handler.log_command:Invoking command in '/home/david/Documents/04_MOD/Labor4/ros2_ws/build/tb3_slalom': CMAKE_PREFIX_PATH=${CMAKE_PREFIX_PATH}:/home/david/turtlebot3_ws/install/turtlebot3_teleop:/home/david/turtlebot3_ws/install/turtlebot3_example:/opt/ros/jazzy DEBUGINFOD_URLS=https://debuginfod.ubuntu.com /usr/bin/cmake --build /home/david/Documents/04_MOD/Labor4/ros2_ws/build/tb3_slalom -- -j12 -l12
[0.462s] DEBUG:colcon.colcon_core.event_handler.log_command:Invoking command in '/home/david/Documents/04_MOD/Labor4/ros2_ws/build/tb3_wall': CMAKE_PREFIX_PATH=${CMAKE_PREFIX_PATH}:/home/david/turtlebot3_ws/install/turtlebot3_teleop:/home/david/turtlebot3_ws/install/turtlebot3_example:/opt/ros/jazzy DEBUGINFOD_URLS=https://debuginfod.ubuntu.com /usr/bin/cmake --build /home/david/Documents/04_MOD/Labor4/ros2_ws/build/tb3_wall -- -j12 -l12
[0.583s] DEBUG:colcon.colcon_core.event_handler.log_command:Invoked command in '/home/david/Documents/04_MOD/Labor4/ros2_ws/build/tb3_wall' returned '0': CMAKE_PREFIX_PATH=${CMAKE_PREFIX_PATH}:/home/david/turtlebot3_ws/install/turtlebot3_teleop:/home/david/turtlebot3_ws/install/turtlebot3_example:/opt/ros/jazzy DEBUGINFOD_URLS=https://debuginfod.ubuntu.com /usr/bin/cmake --build /home/david/Documents/04_MOD/Labor4/ros2_ws/build/tb3_wall -- -j12 -l12
[0.602s] DEBUG:colcon.colcon_core.event_handler.log_command:Invoking command in '/home/david/Documents/04_MOD/Labor4/ros2_ws/build/tb3_wall': CMAKE_PREFIX_PATH=${CMAKE_PREFIX_PATH}:/home/david/turtlebot3_ws/install/turtlebot3_teleop:/home/david/turtlebot3_ws/install/turtlebot3_example:/opt/ros/jazzy DEBUGINFOD_URLS=https://debuginfod.ubuntu.com /usr/bin/cmake --install /home/david/Documents/04_MOD/Labor4/ros2_ws/build/tb3_wall
[0.619s] Level 1:colcon.colcon_core.environment:create_environment_scripts_only(tb3_wall)
[0.620s] DEBUG:colcon.colcon_core.event_handler.log_command:Invoked command in '/home/david/Documents/04_MOD/Labor4/ros2_ws/build/tb3_wall' returned '0': CMAKE_PREFIX_PATH=${CMAKE_PREFIX_PATH}:/home/david/turtlebot3_ws/install/turtlebot3_teleop:/home/david/turtlebot3_ws/install/turtlebot3_example:/opt/ros/jazzy DEBUGINFOD_URLS=https://debuginfod.ubuntu.com /usr/bin/cmake --install /home/david/Documents/04_MOD/Labor4/ros2_ws/build/tb3_wall
[0.625s] Level 1:colcon.colcon_core.environment:checking '/home/david/Documents/04_MOD/Labor4/ros2_ws/install/tb3_wall' for CMake module files
[0.626s] Level 1:colcon.colcon_core.environment:checking '/home/david/Documents/04_MOD/Labor4/ros2_ws/install/tb3_wall' for CMake config files
[0.627s] Level 1:colcon.colcon_core.shell:create_environment_hook('tb3_wall', 'cmake_prefix_path')
[0.627s] INFO:colcon.colcon_core.shell:Creating environment hook '/home/david/Documents/04_MOD/Labor4/ros2_ws/install/tb3_wall/share/tb3_wall/hook/cmake_prefix_path.ps1'
[0.628s] INFO:colcon.colcon_core.shell:Creating environment descriptor '/home/david/Documents/04_MOD/Labor4/ros2_ws/install/tb3_wall/share/tb3_wall/hook/cmake_prefix_path.dsv'
[0.629s] INFO:colcon.colcon_core.shell:Creating environment hook '/home/david/Documents/04_MOD/Labor4/ros2_ws/install/tb3_wall/share/tb3_wall/hook/cmake_prefix_path.sh'
[0.630s] Level 1:colcon.colcon_core.environment:checking '/home/david/Documents/04_MOD/Labor4/ros2_ws/install/tb3_wall/lib'
[0.630s] Level 1:colcon.colcon_core.environment:checking '/home/david/Documents/04_MOD/Labor4/ros2_ws/install/tb3_wall/bin'
[0.631s] Level 1:colcon.colcon_core.environment:checking '/home/david/Documents/04_MOD/Labor4/ros2_ws/install/tb3_wall/lib/pkgconfig/tb3_wall.pc'
[0.631s] Level 1:colcon.colcon_core.environment:checking '/home/david/Documents/04_MOD/Labor4/ros2_ws/install/tb3_wall/lib/python3.12/site-packages'
[0.631s] Level 1:colcon.colcon_core.environment:checking '/home/david/Documents/04_MOD/Labor4/ros2_ws/install/tb3_wall/bin'
[0.632s] INFO:colcon.colcon_core.shell:Creating package script '/home/david/Documents/04_MOD/Labor4/ros2_ws/install/tb3_wall/share/tb3_wall/package.ps1'
[0.633s] INFO:colcon.colcon_core.shell:Creating package descriptor '/home/david/Documents/04_MOD/Labor4/ros2_ws/install/tb3_wall/share/tb3_wall/package.dsv'
[0.634s] INFO:colcon.colcon_core.shell:Creating package script '/home/david/Documents/04_MOD/Labor4/ros2_ws/install/tb3_wall/share/tb3_wall/package.sh'
[0.635s] INFO:colcon.colcon_core.shell:Creating package script '/home/david/Documents/04_MOD/Labor4/ros2_ws/install/tb3_wall/share/tb3_wall/package.bash'
[0.636s] INFO:colcon.colcon_core.shell:Creating package script '/home/david/Documents/04_MOD/Labor4/ros2_ws/install/tb3_wall/share/tb3_wall/package.zsh'
[0.638s] Level 1:colcon.colcon_core.environment:create_file_with_runtime_dependencies(/home/david/Documents/04_MOD/Labor4/ros2_ws/install/tb3_wall/share/colcon-core/packages/tb3_wall)
[0.639s] Level 1:colcon.colcon_core.environment:create_environment_scripts_only(tb3_wall)
[0.639s] Level 1:colcon.colcon_core.environment:checking '/home/david/Documents/04_MOD/Labor4/ros2_ws/install/tb3_wall' for CMake module files
[0.640s] Level 1:colcon.colcon_core.environment:checking '/home/david/Documents/04_MOD/Labor4/ros2_ws/install/tb3_wall' for CMake config files
[0.640s] Level 1:colcon.colcon_core.shell:create_environment_hook('tb3_wall', 'cmake_prefix_path')
[0.640s] INFO:colcon.colcon_core.shell:Creating environment hook '/home/david/Documents/04_MOD/Labor4/ros2_ws/install/tb3_wall/share/tb3_wall/hook/cmake_prefix_path.ps1'
[0.641s] INFO:colcon.colcon_core.shell:Creating environment descriptor '/home/david/Documents/04_MOD/Labor4/ros2_ws/install/tb3_wall/share/tb3_wall/hook/cmake_prefix_path.dsv'
[0.641s] INFO:colcon.colcon_core.shell:Creating environment hook '/home/david/Documents/04_MOD/Labor4/ros2_ws/install/tb3_wall/share/tb3_wall/hook/cmake_prefix_path.sh'
[0.642s] Level 1:colcon.colcon_core.environment:checking '/home/david/Documents/04_MOD/Labor4/ros2_ws/install/tb3_wall/lib'
[0.642s] Level 1:colcon.colcon_core.environment:checking '/home/david/Documents/04_MOD/Labor4/ros2_ws/install/tb3_wall/bin'
[0.642s] Level 1:colcon.colcon_core.environment:checking '/home/david/Documents/04_MOD/Labor4/ros2_ws/install/tb3_wall/lib/pkgconfig/tb3_wall.pc'
[0.642s] Level 1:colcon.colcon_core.environment:checking '/home/david/Documents/04_MOD/Labor4/ros2_ws/install/tb3_wall/lib/python3.12/site-packages'
[0.643s] Level 1:colcon.colcon_core.environment:checking '/home/david/Documents/04_MOD/Labor4/ros2_ws/install/tb3_wall/bin'
[0.643s] INFO:colcon.colcon_core.shell:Creating package script '/home/david/Documents/04_MOD/Labor4/ros2_ws/install/tb3_wall/share/tb3_wall/package.ps1'
[0.644s] INFO:colcon.colcon_core.shell:Creating package descriptor '/home/david/Documents/04_MOD/Labor4/ros2_ws/install/tb3_wall/share/tb3_wall/package.dsv'
[0.644s] INFO:colcon.colcon_core.shell:Creating package script '/home/david/Documents/04_MOD/Labor4/ros2_ws/install/tb3_wall/share/tb3_wall/package.sh'
[0.645s] INFO:colcon.colcon_core.shell:Creating package script '/home/david/Documents/04_MOD/Labor4/ros2_ws/install/tb3_wall/share/tb3_wall/package.bash'
[0.645s] INFO:colcon.colcon_core.shell:Creating package script '/home/david/Documents/04_MOD/Labor4/ros2_ws/install/tb3_wall/share/tb3_wall/package.zsh'
[0.646s] Level 1:colcon.colcon_core.environment:create_file_with_runtime_dependencies(/home/david/Documents/04_MOD/Labor4/ros2_ws/install/tb3_wall/share/colcon-core/packages/tb3_wall)
[7.803s] DEBUG:colcon.colcon_core.event_handler.log_command:Invoked command in '/home/david/Documents/04_MOD/Labor4/ros2_ws/build/tb3_slalom' returned '2': CMAKE_PREFIX_PATH=${CMAKE_PREFIX_PATH}:/home/david/turtlebot3_ws/install/turtlebot3_teleop:/home/david/turtlebot3_ws/install/turtlebot3_example:/opt/ros/jazzy DEBUGINFOD_URLS=https://debuginfod.ubuntu.com /usr/bin/cmake --build /home/david/Documents/04_MOD/Labor4/ros2_ws/build/tb3_slalom -- -j12 -l12
[7.804s] Level 1:colcon.colcon_core.environment:create_environment_scripts_only(tb3_slalom)
[7.804s] Level 1:colcon.colcon_core.environment:checking '/home/david/Documents/04_MOD/Labor4/ros2_ws/install/tb3_slalom' for CMake module files
[7.804s] Level 1:colcon.colcon_core.environment:checking '/home/david/Documents/04_MOD/Labor4/ros2_ws/install/tb3_slalom' for CMake config files
[7.804s] Level 1:colcon.colcon_core.shell:create_environment_hook('tb3_slalom', 'cmake_prefix_path')
[7.805s] INFO:colcon.colcon_core.shell:Creating environment hook '/home/david/Documents/04_MOD/Labor4/ros2_ws/install/tb3_slalom/share/tb3_slalom/hook/cmake_prefix_path.ps1'
[7.805s] INFO:colcon.colcon_core.shell:Creating environment descriptor '/home/david/Documents/04_MOD/Labor4/ros2_ws/install/tb3_slalom/share/tb3_slalom/hook/cmake_prefix_path.dsv'
[7.805s] INFO:colcon.colcon_core.shell:Creating environment hook '/home/david/Documents/04_MOD/Labor4/ros2_ws/install/tb3_slalom/share/tb3_slalom/hook/cmake_prefix_path.sh'
[7.806s] Level 1:colcon.colcon_core.environment:checking '/home/david/Documents/04_MOD/Labor4/ros2_ws/install/tb3_slalom/lib'
[7.806s] Level 1:colcon.colcon_core.environment:checking '/home/david/Documents/04_MOD/Labor4/ros2_ws/install/tb3_slalom/bin'
[7.806s] Level 1:colcon.colcon_core.environment:checking '/home/david/Documents/04_MOD/Labor4/ros2_ws/install/tb3_slalom/lib/pkgconfig/tb3_slalom.pc'
[7.806s] Level 1:colcon.colcon_core.environment:checking '/home/david/Documents/04_MOD/Labor4/ros2_ws/install/tb3_slalom/lib/python3.12/site-packages'
[7.807s] Level 1:colcon.colcon_core.environment:checking '/home/david/Documents/04_MOD/Labor4/ros2_ws/install/tb3_slalom/bin'
[7.807s] INFO:colcon.colcon_core.shell:Creating package script '/home/david/Documents/04_MOD/Labor4/ros2_ws/install/tb3_slalom/share/tb3_slalom/package.ps1'
[7.807s] INFO:colcon.colcon_core.shell:Creating package descriptor '/home/david/Documents/04_MOD/Labor4/ros2_ws/install/tb3_slalom/share/tb3_slalom/package.dsv'
[7.808s] INFO:colcon.colcon_core.shell:Creating package script '/home/david/Documents/04_MOD/Labor4/ros2_ws/install/tb3_slalom/share/tb3_slalom/package.sh'
[7.808s] INFO:colcon.colcon_core.shell:Creating package script '/home/david/Documents/04_MOD/Labor4/ros2_ws/install/tb3_slalom/share/tb3_slalom/package.bash'
[7.809s] INFO:colcon.colcon_core.shell:Creating package script '/home/david/Documents/04_MOD/Labor4/ros2_ws/install/tb3_slalom/share/tb3_slalom/package.zsh'
[7.809s] Level 1:colcon.colcon_core.environment:create_file_with_runtime_dependencies(/home/david/Documents/04_MOD/Labor4/ros2_ws/install/tb3_slalom/share/colcon-core/packages/tb3_slalom)
[7.819s] DEBUG:colcon.colcon_parallel_executor.executor.parallel:closing loop
[7.820s] DEBUG:colcon.colcon_parallel_executor.executor.parallel:loop closed
[7.820s] DEBUG:colcon.colcon_parallel_executor.executor.parallel:run_until_complete finished with '2'
[7.820s] DEBUG:colcon.colcon_core.event_reactor:joining thread
[7.829s] INFO:colcon.colcon_core.plugin_system:Skipping extension 'colcon_notification.desktop_notification.terminal_notifier': Not used on non-Darwin systems
[7.829s] INFO:colcon.colcon_core.plugin_system:Skipping extension 'colcon_notification.desktop_notification.win32': Not used on non-Windows systems
[7.829s] INFO:colcon.colcon_notification.desktop_notification:Sending desktop notification using 'notify2'
[7.846s] DEBUG:colcon.colcon_core.event_reactor:joined thread
[7.846s] INFO:colcon.colcon_core.shell:Creating prefix script '/home/david/Documents/04_MOD/Labor4/ros2_ws/install/local_setup.ps1'
[7.847s] INFO:colcon.colcon_core.shell:Creating prefix util module '/home/david/Documents/04_MOD/Labor4/ros2_ws/install/_local_setup_util_ps1.py'
[7.849s] INFO:colcon.colcon_core.shell:Creating prefix chain script '/home/david/Documents/04_MOD/Labor4/ros2_ws/install/setup.ps1'
[7.852s] INFO:colcon.colcon_core.shell:Creating prefix script '/home/david/Documents/04_MOD/Labor4/ros2_ws/install/local_setup.sh'
[7.853s] INFO:colcon.colcon_core.shell:Creating prefix util module '/home/david/Documents/04_MOD/Labor4/ros2_ws/install/_local_setup_util_sh.py'
[7.854s] INFO:colcon.colcon_core.shell:Creating prefix chain script '/home/david/Documents/04_MOD/Labor4/ros2_ws/install/setup.sh'
[7.857s] INFO:colcon.colcon_core.shell:Creating prefix script '/home/david/Documents/04_MOD/Labor4/ros2_ws/install/local_setup.bash'
[7.857s] INFO:colcon.colcon_core.shell:Creating prefix chain script '/home/david/Documents/04_MOD/Labor4/ros2_ws/install/setup.bash'
[7.859s] INFO:colcon.colcon_core.shell:Creating prefix script '/home/david/Documents/04_MOD/Labor4/ros2_ws/install/local_setup.zsh'
[7.860s] INFO:colcon.colcon_core.shell:Creating prefix chain script '/home/david/Documents/04_MOD/Labor4/ros2_ws/install/setup.zsh'
