[0.023s] Invoking command in '/home/david/Documents/04_MOD/Labor4/ros2_ws/build/tb3_slalom': CMAKE_PREFIX_PATH=${CMAKE_PREFIX_PATH}:/home/david/turtlebot3_ws/install/turtlebot3_teleop:/home/david/turtlebot3_ws/install/turtlebot3_example:/opt/ros/jazzy DEBUGINFOD_URLS=https://debuginfod.ubuntu.com /usr/bin/cmake /home/david/Documents/04_MOD/Labor4/ros2_ws/src/tb3_slalom -DCMAKE_INSTALL_PREFIX=/home/david/Documents/04_MOD/Labor4/ros2_ws/install/tb3_slalom
[0.189s] -- The C compiler identification is GNU 13.3.0
[0.337s] -- The CXX compiler identification is GNU 13.3.0
[0.372s] -- Detecting C compiler ABI info
[0.536s] -- Detecting C compiler ABI info - done
[0.548s] -- Check for working C compiler: /usr/bin/cc - skipped
[0.549s] -- Detecting C compile features
[0.549s] -- Detecting C compile features - done
[0.568s] -- Detecting CXX compiler ABI info
[0.745s] -- Detecting CXX compiler ABI info - done
[0.761s] -- Check for working CXX compiler: /usr/bin/c++ - skipped
[0.761s] -- Detecting CXX compile features
[0.762s] -- Detecting CXX compile features - done
[0.780s] -- Found ament_cmake: 2.5.4 (/opt/ros/jazzy/share/ament_cmake/cmake)
[1.061s] -- Found Python3: /usr/bin/python3 (found version "3.12.3") found components: Interpreter 
[1.305s] -- Found rclcpp: 28.1.13 (/opt/ros/jazzy/share/rclcpp/cmake)
[1.422s] -- Found rosidl_generator_c: 4.6.6 (/opt/ros/jazzy/share/rosidl_generator_c/cmake)
[1.459s] -- Found rosidl_generator_cpp: 4.6.6 (/opt/ros/jazzy/share/rosidl_generator_cpp/cmake)
[1.501s] -- Using all available rosidl_typesupport_c: rosidl_typesupport_fastrtps_c;rosidl_typesupport_introspection_c
[1.545s] -- Using all available rosidl_typesupport_cpp: rosidl_typesupport_fastrtps_cpp;rosidl_typesupport_introspection_cpp
[1.712s] -- Found rmw_implementation_cmake: 7.3.2 (/opt/ros/jazzy/share/rmw_implementation_cmake/cmake)
[1.722s] -- Found rmw_fastrtps_cpp: 8.4.3 (/opt/ros/jazzy/share/rmw_fastrtps_cpp/cmake)
[1.923s] -- Found OpenSSL: /usr/lib/x86_64-linux-gnu/libcrypto.so (found version "3.0.13")  
[1.961s] -- Found FastRTPS: /opt/ros/jazzy/include (Required is at least version "2.13") 
[1.999s] -- Using RMW implementation 'rmw_fastrtps_cpp' as default
[2.150s] -- Found geometry_msgs: 5.3.6 (/opt/ros/jazzy/share/geometry_msgs/cmake)
[2.213s] -- Found nav_msgs: 5.3.6 (/opt/ros/jazzy/share/nav_msgs/cmake)
[2.259s] -- Found sensor_msgs: 5.3.6 (/opt/ros/jazzy/share/sensor_msgs/cmake)
[2.464s] -- Configuring done (2.4s)
[2.484s] -- Generating done (0.0s)
[2.490s] -- Build files have been written to: /home/david/Documents/04_MOD/Labor4/ros2_ws/build/tb3_slalom
[2.517s] Invoked command in '/home/david/Documents/04_MOD/Labor4/ros2_ws/build/tb3_slalom' returned '0': CMAKE_PREFIX_PATH=${CMAKE_PREFIX_PATH}:/home/david/turtlebot3_ws/install/turtlebot3_teleop:/home/david/turtlebot3_ws/install/turtlebot3_example:/opt/ros/jazzy DEBUGINFOD_URLS=https://debuginfod.ubuntu.com /usr/bin/cmake /home/david/Documents/04_MOD/Labor4/ros2_ws/src/tb3_slalom -DCMAKE_INSTALL_PREFIX=/home/david/Documents/04_MOD/Labor4/ros2_ws/install/tb3_slalom
[2.518s] Invoking command in '/home/david/Documents/04_MOD/Labor4/ros2_ws/build/tb3_slalom': CMAKE_PREFIX_PATH=${CMAKE_PREFIX_PATH}:/home/david/turtlebot3_ws/install/turtlebot3_teleop:/home/david/turtlebot3_ws/install/turtlebot3_example:/opt/ros/jazzy DEBUGINFOD_URLS=https://debuginfod.ubuntu.com /usr/bin/cmake --build /home/david/Documents/04_MOD/Labor4/ros2_ws/build/tb3_slalom -- -j12 -l12
[2.610s] [ 50%] [32mBuilding CXX object CMakeFiles/tb3_slalom_node.dir/src/tb3_slalom.cpp.o[0m
[17.751s] [100%] [32m[1mLinking CXX executable tb3_slalom_node[0m
[18.926s] [100%] Built target tb3_slalom_node
[18.948s] Invoked command in '/home/david/Documents/04_MOD/Labor4/ros2_ws/build/tb3_slalom' returned '0': CMAKE_PREFIX_PATH=${CMAKE_PREFIX_PATH}:/home/david/turtlebot3_ws/install/turtlebot3_teleop:/home/david/turtlebot3_ws/install/turtlebot3_example:/opt/ros/jazzy DEBUGINFOD_URLS=https://debuginfod.ubuntu.com /usr/bin/cmake --build /home/david/Documents/04_MOD/Labor4/ros2_ws/build/tb3_slalom -- -j12 -l12
[18.966s] Invoking command in '/home/david/Documents/04_MOD/Labor4/ros2_ws/build/tb3_slalom': CMAKE_PREFIX_PATH=${CMAKE_PREFIX_PATH}:/home/david/turtlebot3_ws/install/turtlebot3_teleop:/home/david/turtlebot3_ws/install/turtlebot3_example:/opt/ros/jazzy DEBUGINFOD_URLS=https://debuginfod.ubuntu.com /usr/bin/cmake --install /home/david/Documents/04_MOD/Labor4/ros2_ws/build/tb3_slalom
[18.981s] -- Install configuration: ""
[18.981s] -- Installing: /home/david/Documents/04_MOD/Labor4/ros2_ws/install/tb3_slalom/lib/tb3_slalom/tb3_slalom_node
[18.994s] -- Set non-toolchain portion of runtime path of "/home/david/Documents/04_MOD/Labor4/ros2_ws/install/tb3_slalom/lib/tb3_slalom/tb3_slalom_node" to ""
[18.994s] -- Installing: /home/david/Documents/04_MOD/Labor4/ros2_ws/install/tb3_slalom/share/ament_index/resource_index/package_run_dependencies/tb3_slalom
[18.994s] -- Installing: /home/david/Documents/04_MOD/Labor4/ros2_ws/install/tb3_slalom/share/ament_index/resource_index/parent_prefix_path/tb3_slalom
[18.994s] -- Installing: /home/david/Documents/04_MOD/Labor4/ros2_ws/install/tb3_slalom/share/tb3_slalom/environment/ament_prefix_path.sh
[18.994s] -- Installing: /home/david/Documents/04_MOD/Labor4/ros2_ws/install/tb3_slalom/share/tb3_slalom/environment/ament_prefix_path.dsv
[18.994s] -- Installing: /home/david/Documents/04_MOD/Labor4/ros2_ws/install/tb3_slalom/share/tb3_slalom/environment/path.sh
[18.995s] -- Installing: /home/david/Documents/04_MOD/Labor4/ros2_ws/install/tb3_slalom/share/tb3_slalom/environment/path.dsv
[18.995s] -- Installing: /home/david/Documents/04_MOD/Labor4/ros2_ws/install/tb3_slalom/share/tb3_slalom/local_setup.bash
[18.995s] -- Installing: /home/david/Documents/04_MOD/Labor4/ros2_ws/install/tb3_slalom/share/tb3_slalom/local_setup.sh
[18.995s] -- Installing: /home/david/Documents/04_MOD/Labor4/ros2_ws/install/tb3_slalom/share/tb3_slalom/local_setup.zsh
[18.995s] -- Installing: /home/david/Documents/04_MOD/Labor4/ros2_ws/install/tb3_slalom/share/tb3_slalom/local_setup.dsv
[18.996s] -- Installing: /home/david/Documents/04_MOD/Labor4/ros2_ws/install/tb3_slalom/share/tb3_slalom/package.dsv
[18.996s] -- Installing: /home/david/Documents/04_MOD/Labor4/ros2_ws/install/tb3_slalom/share/ament_index/resource_index/packages/tb3_slalom
[18.996s] -- Installing: /home/david/Documents/04_MOD/Labor4/ros2_ws/install/tb3_slalom/share/tb3_slalom/cmake/tb3_slalomConfig.cmake
[18.996s] -- Installing: /home/david/Documents/04_MOD/Labor4/ros2_ws/install/tb3_slalom/share/tb3_slalom/cmake/tb3_slalomConfig-version.cmake
[18.997s] -- Installing: /home/david/Documents/04_MOD/Labor4/ros2_ws/install/tb3_slalom/share/tb3_slalom/package.xml
[18.999s] Invoked command in '/home/david/Documents/04_MOD/Labor4/ros2_ws/build/tb3_slalom' returned '0': CMAKE_PREFIX_PATH=${CMAKE_PREFIX_PATH}:/home/david/turtlebot3_ws/install/turtlebot3_teleop:/home/david/turtlebot3_ws/install/turtlebot3_example:/opt/ros/jazzy DEBUGINFOD_URLS=https://debuginfod.ubuntu.com /usr/bin/cmake --install /home/david/Documents/04_MOD/Labor4/ros2_ws/build/tb3_slalom
