[0.018s] Invoking command in '/home/david/Documents/04_MOD/Labor3/ros2_ws/build/tb3_wall': CMAKE_PREFIX_PATH=${CMAKE_PREFIX_PATH}:/home/david/turtlebot3_ws/install/turtlebot3_teleop:/home/david/turtlebot3_ws/install/turtlebot3_example:/opt/ros/jazzy DEBUGINFOD_URLS=https://debuginfod.ubuntu.com /usr/bin/cmake --build /home/david/Documents/04_MOD/Labor3/ros2_ws/build/tb3_wall -- -j12 -l12
[0.150s] [ 50%] [32mBuilding CXX object CMakeFiles/tb3_wall_node.dir/src/tb3_wall.cpp.o[0m
[9.328s] [100%] [32m[1mLinking CXX executable tb3_wall_node[0m
[9.906s] [100%] Built target tb3_wall_node
[9.922s] Invoked command in '/home/david/Documents/04_MOD/Labor3/ros2_ws/build/tb3_wall' returned '0': CMAKE_PREFIX_PATH=${CMAKE_PREFIX_PATH}:/home/david/turtlebot3_ws/install/turtlebot3_teleop:/home/david/turtlebot3_ws/install/turtlebot3_example:/opt/ros/jazzy DEBUGINFOD_URLS=https://debuginfod.ubuntu.com /usr/bin/cmake --build /home/david/Documents/04_MOD/Labor3/ros2_ws/build/tb3_wall -- -j12 -l12
[9.935s] Invoking command in '/home/david/Documents/04_MOD/Labor3/ros2_ws/build/tb3_wall': CMAKE_PREFIX_PATH=${CMAKE_PREFIX_PATH}:/home/david/turtlebot3_ws/install/turtlebot3_teleop:/home/david/turtlebot3_ws/install/turtlebot3_example:/opt/ros/jazzy DEBUGINFOD_URLS=https://debuginfod.ubuntu.com /usr/bin/cmake --install /home/david/Documents/04_MOD/Labor3/ros2_ws/build/tb3_wall
[9.946s] -- Install configuration: ""
[9.948s] -- Installing: /home/david/Documents/04_MOD/Labor3/ros2_ws/install/tb3_wall/lib/tb3_wall/tb3_wall_node
[9.956s] -- Set non-toolchain portion of runtime path of "/home/david/Documents/04_MOD/Labor3/ros2_ws/install/tb3_wall/lib/tb3_wall/tb3_wall_node" to ""
[9.957s] -- Up-to-date: /home/david/Documents/04_MOD/Labor3/ros2_ws/install/tb3_wall/share/ament_index/resource_index/package_run_dependencies/tb3_wall
[9.957s] -- Up-to-date: /home/david/Documents/04_MOD/Labor3/ros2_ws/install/tb3_wall/share/ament_index/resource_index/parent_prefix_path/tb3_wall
[9.957s] -- Up-to-date: /home/david/Documents/04_MOD/Labor3/ros2_ws/install/tb3_wall/share/tb3_wall/environment/ament_prefix_path.sh
[9.958s] -- Up-to-date: /home/david/Documents/04_MOD/Labor3/ros2_ws/install/tb3_wall/share/tb3_wall/environment/ament_prefix_path.dsv
[9.958s] -- Up-to-date: /home/david/Documents/04_MOD/Labor3/ros2_ws/install/tb3_wall/share/tb3_wall/environment/path.sh
[9.958s] -- Up-to-date: /home/david/Documents/04_MOD/Labor3/ros2_ws/install/tb3_wall/share/tb3_wall/environment/path.dsv
[9.958s] -- Up-to-date: /home/david/Documents/04_MOD/Labor3/ros2_ws/install/tb3_wall/share/tb3_wall/local_setup.bash
[9.958s] -- Up-to-date: /home/david/Documents/04_MOD/Labor3/ros2_ws/install/tb3_wall/share/tb3_wall/local_setup.sh
[9.958s] -- Up-to-date: /home/david/Documents/04_MOD/Labor3/ros2_ws/install/tb3_wall/share/tb3_wall/local_setup.zsh
[9.958s] -- Up-to-date: /home/david/Documents/04_MOD/Labor3/ros2_ws/install/tb3_wall/share/tb3_wall/local_setup.dsv
[9.959s] -- Installing: /home/david/Documents/04_MOD/Labor3/ros2_ws/install/tb3_wall/share/tb3_wall/package.dsv
[9.959s] -- Up-to-date: /home/david/Documents/04_MOD/Labor3/ros2_ws/install/tb3_wall/share/ament_index/resource_index/packages/tb3_wall
[9.959s] -- Up-to-date: /home/david/Documents/04_MOD/Labor3/ros2_ws/install/tb3_wall/share/tb3_wall/cmake/tb3_wallConfig.cmake
[9.959s] -- Up-to-date: /home/david/Documents/04_MOD/Labor3/ros2_ws/install/tb3_wall/share/tb3_wall/cmake/tb3_wallConfig-version.cmake
[9.959s] -- Up-to-date: /home/david/Documents/04_MOD/Labor3/ros2_ws/install/tb3_wall/share/tb3_wall/package.xml
[9.960s] Invoked command in '/home/david/Documents/04_MOD/Labor3/ros2_ws/build/tb3_wall' returned '0': CMAKE_PREFIX_PATH=${CMAKE_PREFIX_PATH}:/home/david/turtlebot3_ws/install/turtlebot3_teleop:/home/david/turtlebot3_ws/install/turtlebot3_example:/opt/ros/jazzy DEBUGINFOD_URLS=https://debuginfod.ubuntu.com /usr/bin/cmake --install /home/david/Documents/04_MOD/Labor3/ros2_ws/build/tb3_wall
