[0.025s] Invoking command in '/home/david/Documents/04_MOD/Labor4/ros2_ws/build/tb3_slalom': CMAKE_PREFIX_PATH=${CMAKE_PREFIX_PATH}:/home/david/turtlebot3_ws/install/turtlebot3_teleop:/home/david/turtlebot3_ws/install/turtlebot3_example:/opt/ros/jazzy DEBUGINFOD_URLS=https://debuginfod.ubuntu.com /usr/bin/cmake --build /home/david/Documents/04_MOD/Labor4/ros2_ws/build/tb3_slalom -- -j12 -l12
[0.135s] [100%] Built target tb3_slalom_node
[0.174s] Invoked command in '/home/david/Documents/04_MOD/Labor4/ros2_ws/build/tb3_slalom' returned '0': CMAKE_PREFIX_PATH=${CMAKE_PREFIX_PATH}:/home/david/turtlebot3_ws/install/turtlebot3_teleop:/home/david/turtlebot3_ws/install/turtlebot3_example:/opt/ros/jazzy DEBUGINFOD_URLS=https://debuginfod.ubuntu.com /usr/bin/cmake --build /home/david/Documents/04_MOD/Labor4/ros2_ws/build/tb3_slalom -- -j12 -l12
[0.175s] Invoking command in '/home/david/Documents/04_MOD/Labor4/ros2_ws/build/tb3_slalom': CMAKE_PREFIX_PATH=${CMAKE_PREFIX_PATH}:/home/david/turtlebot3_ws/install/turtlebot3_teleop:/home/david/turtlebot3_ws/install/turtlebot3_example:/opt/ros/jazzy DEBUGINFOD_URLS=https://debuginfod.ubuntu.com /usr/bin/cmake --install /home/david/Documents/04_MOD/Labor4/ros2_ws/build/tb3_slalom
[0.188s] -- Install configuration: ""
[0.189s] -- Up-to-date: /home/david/Documents/04_MOD/Labor4/ros2_ws/install/tb3_slalom/lib/tb3_slalom/tb3_slalom_node
[0.189s] -- Up-to-date: /home/david/Documents/04_MOD/Labor4/ros2_ws/install/tb3_slalom/share/ament_index/resource_index/package_run_dependencies/tb3_slalom
[0.189s] -- Up-to-date: /home/david/Documents/04_MOD/Labor4/ros2_ws/install/tb3_slalom/share/ament_index/resource_index/parent_prefix_path/tb3_slalom
[0.189s] -- Up-to-date: /home/david/Documents/04_MOD/Labor4/ros2_ws/install/tb3_slalom/share/tb3_slalom/environment/ament_prefix_path.sh
[0.190s] -- Up-to-date: /home/david/Documents/04_MOD/Labor4/ros2_ws/install/tb3_slalom/share/tb3_slalom/environment/ament_prefix_path.dsv
[0.190s] -- Up-to-date: /home/david/Documents/04_MOD/Labor4/ros2_ws/install/tb3_slalom/share/tb3_slalom/environment/path.sh
[0.190s] -- Up-to-date: /home/david/Documents/04_MOD/Labor4/ros2_ws/install/tb3_slalom/share/tb3_slalom/environment/path.dsv
[0.190s] -- Up-to-date: /home/david/Documents/04_MOD/Labor4/ros2_ws/install/tb3_slalom/share/tb3_slalom/local_setup.bash
[0.190s] -- Up-to-date: /home/david/Documents/04_MOD/Labor4/ros2_ws/install/tb3_slalom/share/tb3_slalom/local_setup.sh
[0.190s] -- Up-to-date: /home/david/Documents/04_MOD/Labor4/ros2_ws/install/tb3_slalom/share/tb3_slalom/local_setup.zsh
[0.190s] -- Up-to-date: /home/david/Documents/04_MOD/Labor4/ros2_ws/install/tb3_slalom/share/tb3_slalom/local_setup.dsv
[0.190s] -- Installing: /home/david/Documents/04_MOD/Labor4/ros2_ws/install/tb3_slalom/share/tb3_slalom/package.dsv
[0.190s] -- Up-to-date: /home/david/Documents/04_MOD/Labor4/ros2_ws/install/tb3_slalom/share/ament_index/resource_index/packages/tb3_slalom
[0.190s] -- Up-to-date: /home/david/Documents/04_MOD/Labor4/ros2_ws/install/tb3_slalom/share/tb3_slalom/cmake/tb3_slalomConfig.cmake
[0.191s] -- Up-to-date: /home/david/Documents/04_MOD/Labor4/ros2_ws/install/tb3_slalom/share/tb3_slalom/cmake/tb3_slalomConfig-version.cmake
[0.191s] -- Up-to-date: /home/david/Documents/04_MOD/Labor4/ros2_ws/install/tb3_slalom/share/tb3_slalom/package.xml
[0.216s] Invoked command in '/home/david/Documents/04_MOD/Labor4/ros2_ws/build/tb3_slalom' returned '0': CMAKE_PREFIX_PATH=${CMAKE_PREFIX_PATH}:/home/david/turtlebot3_ws/install/turtlebot3_teleop:/home/david/turtlebot3_ws/install/turtlebot3_example:/opt/ros/jazzy DEBUGINFOD_URLS=https://debuginfod.ubuntu.com /usr/bin/cmake --install /home/david/Documents/04_MOD/Labor4/ros2_ws/build/tb3_slalom
