[0.631s] DEBUG:colcon:Command line arguments: ['/usr/bin/colcon', 'build', '--packages-select', 'tb3_wall']
[0.631s] DEBUG:colcon:Parsed command line arguments: Namespace(log_base=None, log_level=None, verb_name='build', build_base='build', install_base='install', merge_install=False, symlink_install=False, test_result_base=None, continue_on_error=False, executor='parallel', parallel_workers=12, event_handlers=None, ignore_user_meta=False, metas=['./colcon.meta'], base_paths=['.'], packages_ignore=None, packages_ignore_regex=None, paths=None, packages_up_to=None, packages_up_to_regex=None, packages_above=None, packages_above_and_dependencies=None, packages_above_depth=None, packages_select_by_dep=None, packages_skip_by_dep=None, packages_skip_up_to=None, packages_select_build_failed=False, packages_skip_build_finished=False, packages_select_test_failures=False, packages_skip_test_passed=False, packages_select=['tb3_wall'], packages_skip=None, packages_select_regex=None, packages_skip_regex=None, packages_start=None, packages_end=None, allow_overriding=[], cmake_args=None, cmake_target=None, cmake_target_skip_unavailable=False, cmake_clean_cache=False, cmake_clean_first=False, cmake_force_configure=False, ament_cmake_args=None, catkin_cmake_args=None, catkin_skip_building_tests=False, verb_parser=<colcon_defaults.argument_parser.defaults.DefaultArgumentsDecorator object at 0x7e6ddc856bd0>, verb_extension=<colcon_core.verb.build.BuildVerb object at 0x7e6ddc856b70>, main=<bound method BuildVerb.main of <colcon_core.verb.build.BuildVerb object at 0x7e6ddc856b70>>)
[0.830s] Level 1:colcon.colcon_core.package_discovery:discover_packages(colcon_meta) check parameters
[0.830s] Level 1:colcon.colcon_core.package_discovery:discover_packages(recursive) check parameters
[0.831s] Level 1:colcon.colcon_core.package_discovery:discover_packages(ignore) check parameters
[0.831s] Level 1:colcon.colcon_core.package_discovery:discover_packages(path) check parameters
[0.831s] Level 1:colcon.colcon_core.package_discovery:discover_packages(colcon_meta) discover
[0.831s] Level 1:colcon.colcon_core.package_discovery:discover_packages(recursive) discover
[0.831s] INFO:colcon.colcon_core.package_discovery:Crawling recursively for packages in '/home/david/Documents/04_MOD/Labor3/ros2_ws'
[0.831s] Level 1:colcon.colcon_core.package_identification:_identify(.) by extensions ['ignore', 'ignore_ament_install']
[0.831s] Level 1:colcon.colcon_core.package_identification:_identify(.) by extension 'ignore'
[0.831s] Level 1:colcon.colcon_core.package_identification:_identify(.) by extension 'ignore_ament_install'
[0.832s] Level 1:colcon.colcon_core.package_identification:_identify(.) by extensions ['colcon_pkg']
[0.832s] Level 1:colcon.colcon_core.package_identification:_identify(.) by extension 'colcon_pkg'
[0.832s] Level 1:colcon.colcon_core.package_identification:_identify(.) by extensions ['colcon_meta']
[0.832s] Level 1:colcon.colcon_core.package_identification:_identify(.) by extension 'colcon_meta'
[0.832s] Level 1:colcon.colcon_core.package_identification:_identify(.) by extensions ['ros']
[0.832s] Level 1:colcon.colcon_core.package_identification:_identify(.) by extension 'ros'
[0.939s] Level 1:colcon.colcon_core.package_identification:_identify(.) by extensions ['cmake', 'python']
[0.939s] Level 1:colcon.colcon_core.package_identification:_identify(.) by extension 'cmake'
[0.939s] Level 1:colcon.colcon_core.package_identification:_identify(.) by extension 'python'
[0.939s] Level 1:colcon.colcon_core.package_identification:_identify(.) by extensions ['python_setup_py']
[0.939s] Level 1:colcon.colcon_core.package_identification:_identify(.) by extension 'python_setup_py'
[0.939s] Level 1:colcon.colcon_core.package_identification:_identify(build) by extensions ['ignore', 'ignore_ament_install']
[0.939s] Level 1:colcon.colcon_core.package_identification:_identify(build) by extension 'ignore'
[0.939s] Level 1:colcon.colcon_core.package_identification:_identify(build) ignored
[0.940s] Level 1:colcon.colcon_core.package_identification:_identify(install) by extensions ['ignore', 'ignore_ament_install']
[0.940s] Level 1:colcon.colcon_core.package_identification:_identify(install) by extension 'ignore'
[0.940s] Level 1:colcon.colcon_core.package_identification:_identify(install) ignored
[0.940s] Level 1:colcon.colcon_core.package_identification:_identify(log) by extensions ['ignore', 'ignore_ament_install']
[0.940s] Level 1:colcon.colcon_core.package_identification:_identify(log) by extension 'ignore'
[0.940s] Level 1:colcon.colcon_core.package_identification:_identify(log) ignored
[0.940s] Level 1:colcon.colcon_core.package_identification:_identify(src) by extensions ['ignore', 'ignore_ament_install']
[0.940s] Level 1:colcon.colcon_core.package_identification:_identify(src) by extension 'ignore'
[0.940s] Level 1:colcon.colcon_core.package_identification:_identify(src) by extension 'ignore_ament_install'
[0.940s] Level 1:colcon.colcon_core.package_identification:_identify(src) by extensions ['colcon_pkg']
[0.940s] Level 1:colcon.colcon_core.package_identification:_identify(src) by extension 'colcon_pkg'
[0.940s] Level 1:colcon.colcon_core.package_identification:_identify(src) by extensions ['colcon_meta']
[0.941s] Level 1:colcon.colcon_core.package_identification:_identify(src) by extension 'colcon_meta'
[0.941s] Level 1:colcon.colcon_core.package_identification:_identify(src) by extensions ['ros']
[0.941s] Level 1:colcon.colcon_core.package_identification:_identify(src) by extension 'ros'
[0.941s] Level 1:colcon.colcon_core.package_identification:_identify(src) by extensions ['cmake', 'python']
[0.941s] Level 1:colcon.colcon_core.package_identification:_identify(src) by extension 'cmake'
[0.941s] Level 1:colcon.colcon_core.package_identification:_identify(src) by extension 'python'
[0.941s] Level 1:colcon.colcon_core.package_identification:_identify(src) by extensions ['python_setup_py']
[0.941s] Level 1:colcon.colcon_core.package_identification:_identify(src) by extension 'python_setup_py'
[0.941s] Level 1:colcon.colcon_core.package_identification:_identify(src/build) by extensions ['ignore', 'ignore_ament_install']
[0.941s] Level 1:colcon.colcon_core.package_identification:_identify(src/build) by extension 'ignore'
[0.941s] Level 1:colcon.colcon_core.package_identification:_identify(src/build) ignored
[0.941s] Level 1:colcon.colcon_core.package_identification:_identify(src/install) by extensions ['ignore', 'ignore_ament_install']
[0.941s] Level 1:colcon.colcon_core.package_identification:_identify(src/install) by extension 'ignore'
[0.941s] Level 1:colcon.colcon_core.package_identification:_identify(src/install) ignored
[0.942s] Level 1:colcon.colcon_core.package_identification:_identify(src/log) by extensions ['ignore', 'ignore_ament_install']
[0.942s] Level 1:colcon.colcon_core.package_identification:_identify(src/log) by extension 'ignore'
[0.942s] Level 1:colcon.colcon_core.package_identification:_identify(src/log) ignored
[0.942s] Level 1:colcon.colcon_core.package_identification:_identify(src/tb3_control) by extensions ['ignore', 'ignore_ament_install']
[0.942s] Level 1:colcon.colcon_core.package_identification:_identify(src/tb3_control) by extension 'ignore'
[0.942s] Level 1:colcon.colcon_core.package_identification:_identify(src/tb3_control) by extension 'ignore_ament_install'
[0.942s] Level 1:colcon.colcon_core.package_identification:_identify(src/tb3_control) by extensions ['colcon_pkg']
[0.942s] Level 1:colcon.colcon_core.package_identification:_identify(src/tb3_control) by extension 'colcon_pkg'
[0.942s] Level 1:colcon.colcon_core.package_identification:_identify(src/tb3_control) by extensions ['colcon_meta']
[0.942s] Level 1:colcon.colcon_core.package_identification:_identify(src/tb3_control) by extension 'colcon_meta'
[0.942s] Level 1:colcon.colcon_core.package_identification:_identify(src/tb3_control) by extensions ['ros']
[0.942s] Level 1:colcon.colcon_core.package_identification:_identify(src/tb3_control) by extension 'ros'
[0.964s] DEBUG:colcon.colcon_core.package_identification:Package 'src/tb3_control' with type 'ros.ament_cmake' and name 'tb3_control'
[0.964s] Level 1:colcon.colcon_core.package_identification:_identify(src/tb3_wall) by extensions ['ignore', 'ignore_ament_install']
[0.964s] Level 1:colcon.colcon_core.package_identification:_identify(src/tb3_wall) by extension 'ignore'
[0.965s] Level 1:colcon.colcon_core.package_identification:_identify(src/tb3_wall) by extension 'ignore_ament_install'
[0.965s] Level 1:colcon.colcon_core.package_identification:_identify(src/tb3_wall) by extensions ['colcon_pkg']
[0.965s] Level 1:colcon.colcon_core.package_identification:_identify(src/tb3_wall) by extension 'colcon_pkg'
[0.965s] Level 1:colcon.colcon_core.package_identification:_identify(src/tb3_wall) by extensions ['colcon_meta']
[0.965s] Level 1:colcon.colcon_core.package_identification:_identify(src/tb3_wall) by extension 'colcon_meta'
[0.965s] Level 1:colcon.colcon_core.package_identification:_identify(src/tb3_wall) by extensions ['ros']
[0.965s] Level 1:colcon.colcon_core.package_identification:_identify(src/tb3_wall) by extension 'ros'
[0.967s] DEBUG:colcon.colcon_core.package_identification:Package 'src/tb3_wall' with type 'ros.ament_cmake' and name 'tb3_wall'
[0.967s] Level 1:colcon.colcon_core.package_identification:_identify(src/tutorial_node) by extensions ['ignore', 'ignore_ament_install']
[0.967s] Level 1:colcon.colcon_core.package_identification:_identify(src/tutorial_node) by extension 'ignore'
[0.967s] Level 1:colcon.colcon_core.package_identification:_identify(src/tutorial_node) by extension 'ignore_ament_install'
[0.968s] Level 1:colcon.colcon_core.package_identification:_identify(src/tutorial_node) by extensions ['colcon_pkg']
[0.968s] Level 1:colcon.colcon_core.package_identification:_identify(src/tutorial_node) by extension 'colcon_pkg'
[0.968s] Level 1:colcon.colcon_core.package_identification:_identify(src/tutorial_node) by extensions ['colcon_meta']
[0.968s] Level 1:colcon.colcon_core.package_identification:_identify(src/tutorial_node) by extension 'colcon_meta'
[0.968s] Level 1:colcon.colcon_core.package_identification:_identify(src/tutorial_node) by extensions ['ros']
[0.968s] Level 1:colcon.colcon_core.package_identification:_identify(src/tutorial_node) by extension 'ros'
[0.969s] DEBUG:colcon.colcon_core.package_identification:Package 'src/tutorial_node' with type 'ros.ament_cmake' and name 'tutorial_node'
[0.969s] Level 1:colcon.colcon_core.package_discovery:discover_packages(recursive) using defaults
[0.969s] Level 1:colcon.colcon_core.package_discovery:discover_packages(ignore) discover
[0.970s] Level 1:colcon.colcon_core.package_discovery:discover_packages(ignore) using defaults
[0.970s] Level 1:colcon.colcon_core.package_discovery:discover_packages(path) discover
[0.970s] Level 1:colcon.colcon_core.package_discovery:discover_packages(path) using defaults
[1.041s] INFO:colcon.colcon_core.package_selection:Skipping not selected package 'tb3_control' in 'src/tb3_control'
[1.041s] INFO:colcon.colcon_core.package_selection:Skipping not selected package 'tutorial_node' in 'src/tutorial_node'
[1.043s] Level 1:colcon.colcon_core.package_discovery:discover_packages(prefix_path) check parameters
[1.043s] Level 1:colcon.colcon_core.package_discovery:discover_packages(prefix_path) discover
[1.046s] WARNING:colcon.colcon_ros.prefix_path.ament:The path '/home/david/Documents/04_MOD/Labor3/ros2_ws/install/tutorial_node' in the environment variable AMENT_PREFIX_PATH doesn't exist
[1.046s] WARNING:colcon.colcon_ros.prefix_path.ament:The path '/home/david/Documents/04_MOD/Labor3/ros2_ws/install/tb3_control' in the environment variable AMENT_PREFIX_PATH doesn't exist
[1.047s] WARNING:colcon.colcon_ros.prefix_path.catkin:The path '/home/david/Documents/04_MOD/Labor3/ros2_ws/install/tutorial_node' in the environment variable CMAKE_PREFIX_PATH doesn't exist
[1.047s] WARNING:colcon.colcon_ros.prefix_path.catkin:The path '/home/david/Documents/04_MOD/Labor3/ros2_ws/install/tb3_control' in the environment variable CMAKE_PREFIX_PATH doesn't exist
[1.049s] DEBUG:colcon.colcon_installed_package_information.package_discovery:Found 1 installed packages in /home/david/Documents/04_MOD/Labor3/ros2_ws/src/install
[1.049s] DEBUG:colcon.colcon_installed_package_information.package_discovery:Found 0 installed packages in /home/david/Documents/04_MOD/Labor3/ros2_ws/install
[1.049s] DEBUG:colcon.colcon_installed_package_information.package_discovery:Found 1 installed packages in /home/david/Documents/04_MOD/Labor3/ros2_test/install
[1.057s] DEBUG:colcon.colcon_installed_package_information.package_discovery:Found 15 installed packages in /home/david/turtlebot3_ws/install
[1.072s] DEBUG:colcon.colcon_installed_package_information.package_discovery:Found 381 installed packages in /opt/ros/jazzy
[1.075s] Level 1:colcon.colcon_core.package_discovery:discover_packages(prefix_path) using defaults
[1.252s] Level 5:colcon.colcon_core.verb:set package 'tb3_wall' build argument 'cmake_args' from command line to 'None'
[1.252s] Level 5:colcon.colcon_core.verb:set package 'tb3_wall' build argument 'cmake_target' from command line to 'None'
[1.252s] Level 5:colcon.colcon_core.verb:set package 'tb3_wall' build argument 'cmake_target_skip_unavailable' from command line to 'False'
[1.252s] Level 5:colcon.colcon_core.verb:set package 'tb3_wall' build argument 'cmake_clean_cache' from command line to 'False'
[1.252s] Level 5:colcon.colcon_core.verb:set package 'tb3_wall' build argument 'cmake_clean_first' from command line to 'False'
[1.252s] Level 5:colcon.colcon_core.verb:set package 'tb3_wall' build argument 'cmake_force_configure' from command line to 'False'
[1.252s] Level 5:colcon.colcon_core.verb:set package 'tb3_wall' build argument 'ament_cmake_args' from command line to 'None'
[1.252s] Level 5:colcon.colcon_core.verb:set package 'tb3_wall' build argument 'catkin_cmake_args' from command line to 'None'
[1.252s] Level 5:colcon.colcon_core.verb:set package 'tb3_wall' build argument 'catkin_skip_building_tests' from command line to 'False'
[1.252s] DEBUG:colcon.colcon_core.verb:Building package 'tb3_wall' with the following arguments: {'ament_cmake_args': None, 'build_base': '/home/david/Documents/04_MOD/Labor3/ros2_ws/build/tb3_wall', 'catkin_cmake_args': None, 'catkin_skip_building_tests': False, 'cmake_args': None, 'cmake_clean_cache': False, 'cmake_clean_first': False, 'cmake_force_configure': False, 'cmake_target': None, 'cmake_target_skip_unavailable': False, 'install_base': '/home/david/Documents/04_MOD/Labor3/ros2_ws/install/tb3_wall', 'merge_install': False, 'path': '/home/david/Documents/04_MOD/Labor3/ros2_ws/src/tb3_wall', 'symlink_install': False, 'test_result_base': None}
[1.253s] INFO:colcon.colcon_core.executor:Executing jobs using 'parallel' executor
[1.255s] DEBUG:colcon.colcon_parallel_executor.executor.parallel:run_until_complete
[1.256s] INFO:colcon.colcon_ros.task.ament_cmake.build:Building ROS package in '/home/david/Documents/04_MOD/Labor3/ros2_ws/src/tb3_wall' with build type 'ament_cmake'
[1.256s] INFO:colcon.colcon_cmake.task.cmake.build:Building CMake package in '/home/david/Documents/04_MOD/Labor3/ros2_ws/src/tb3_wall'
[1.263s] INFO:colcon.colcon_core.plugin_system:Skipping extension 'colcon_core.shell.bat': Not used on non-Windows systems
[1.264s] INFO:colcon.colcon_core.shell:Skip shell extension 'powershell' for command environment: Not usable outside of PowerShell
[1.264s] DEBUG:colcon.colcon_core.shell:Skip shell extension 'dsv' for command environment
[1.317s] DEBUG:colcon.colcon_core.event_handler.log_command:Invoking command in '/home/david/Documents/04_MOD/Labor3/ros2_ws/build/tb3_wall': CMAKE_PREFIX_PATH=${CMAKE_PREFIX_PATH}:/home/david/turtlebot3_ws/install/turtlebot3_teleop:/home/david/turtlebot3_ws/install/turtlebot3_example:/opt/ros/jazzy DEBUGINFOD_URLS=https://debuginfod.ubuntu.com /usr/bin/cmake /home/david/Documents/04_MOD/Labor3/ros2_ws/src/tb3_wall -DCMAKE_INSTALL_PREFIX=/home/david/Documents/04_MOD/Labor3/ros2_ws/install/tb3_wall
[7.876s] DEBUG:colcon.colcon_core.event_handler.log_command:Invoked command in '/home/david/Documents/04_MOD/Labor3/ros2_ws/build/tb3_wall' returned '0': CMAKE_PREFIX_PATH=${CMAKE_PREFIX_PATH}:/home/david/turtlebot3_ws/install/turtlebot3_teleop:/home/david/turtlebot3_ws/install/turtlebot3_example:/opt/ros/jazzy DEBUGINFOD_URLS=https://debuginfod.ubuntu.com /usr/bin/cmake /home/david/Documents/04_MOD/Labor3/ros2_ws/src/tb3_wall -DCMAKE_INSTALL_PREFIX=/home/david/Documents/04_MOD/Labor3/ros2_ws/install/tb3_wall
[7.879s] DEBUG:colcon.colcon_core.event_handler.log_command:Invoking command in '/home/david/Documents/04_MOD/Labor3/ros2_ws/build/tb3_wall': CMAKE_PREFIX_PATH=${CMAKE_PREFIX_PATH}:/home/david/turtlebot3_ws/install/turtlebot3_teleop:/home/david/turtlebot3_ws/install/turtlebot3_example:/opt/ros/jazzy DEBUGINFOD_URLS=https://debuginfod.ubuntu.com /usr/bin/cmake --build /home/david/Documents/04_MOD/Labor3/ros2_ws/build/tb3_wall -- -j12 -l12
[52.660s] DEBUG:colcon.colcon_core.event_handler.log_command:Invoked command in '/home/david/Documents/04_MOD/Labor3/ros2_ws/build/tb3_wall' returned '0': CMAKE_PREFIX_PATH=${CMAKE_PREFIX_PATH}:/home/david/turtlebot3_ws/install/turtlebot3_teleop:/home/david/turtlebot3_ws/install/turtlebot3_example:/opt/ros/jazzy DEBUGINFOD_URLS=https://debuginfod.ubuntu.com /usr/bin/cmake --build /home/david/Documents/04_MOD/Labor3/ros2_ws/build/tb3_wall -- -j12 -l12
[52.716s] DEBUG:colcon.colcon_core.event_handler.log_command:Invoking command in '/home/david/Documents/04_MOD/Labor3/ros2_ws/build/tb3_wall': CMAKE_PREFIX_PATH=${CMAKE_PREFIX_PATH}:/home/david/turtlebot3_ws/install/turtlebot3_teleop:/home/david/turtlebot3_ws/install/turtlebot3_example:/opt/ros/jazzy DEBUGINFOD_URLS=https://debuginfod.ubuntu.com /usr/bin/cmake --install /home/david/Documents/04_MOD/Labor3/ros2_ws/build/tb3_wall
[52.816s] Level 1:colcon.colcon_core.environment:create_environment_scripts_only(tb3_wall)
[52.816s] DEBUG:colcon.colcon_core.event_handler.log_command:Invoked command in '/home/david/Documents/04_MOD/Labor3/ros2_ws/build/tb3_wall' returned '0': CMAKE_PREFIX_PATH=${CMAKE_PREFIX_PATH}:/home/david/turtlebot3_ws/install/turtlebot3_teleop:/home/david/turtlebot3_ws/install/turtlebot3_example:/opt/ros/jazzy DEBUGINFOD_URLS=https://debuginfod.ubuntu.com /usr/bin/cmake --install /home/david/Documents/04_MOD/Labor3/ros2_ws/build/tb3_wall
[52.825s] Level 1:colcon.colcon_core.environment:checking '/home/david/Documents/04_MOD/Labor3/ros2_ws/install/tb3_wall' for CMake module files
[52.831s] Level 1:colcon.colcon_core.environment:checking '/home/david/Documents/04_MOD/Labor3/ros2_ws/install/tb3_wall' for CMake config files
[52.833s] Level 1:colcon.colcon_core.shell:create_environment_hook('tb3_wall', 'cmake_prefix_path')
[52.834s] INFO:colcon.colcon_core.shell:Creating environment hook '/home/david/Documents/04_MOD/Labor3/ros2_ws/install/tb3_wall/share/tb3_wall/hook/cmake_prefix_path.ps1'
[52.840s] INFO:colcon.colcon_core.shell:Creating environment descriptor '/home/david/Documents/04_MOD/Labor3/ros2_ws/install/tb3_wall/share/tb3_wall/hook/cmake_prefix_path.dsv'
[52.843s] INFO:colcon.colcon_core.shell:Creating environment hook '/home/david/Documents/04_MOD/Labor3/ros2_ws/install/tb3_wall/share/tb3_wall/hook/cmake_prefix_path.sh'
[52.846s] Level 1:colcon.colcon_core.environment:checking '/home/david/Documents/04_MOD/Labor3/ros2_ws/install/tb3_wall/lib'
[52.847s] Level 1:colcon.colcon_core.environment:checking '/home/david/Documents/04_MOD/Labor3/ros2_ws/install/tb3_wall/bin'
[52.847s] Level 1:colcon.colcon_core.environment:checking '/home/david/Documents/04_MOD/Labor3/ros2_ws/install/tb3_wall/lib/pkgconfig/tb3_wall.pc'
[52.847s] Level 1:colcon.colcon_core.environment:checking '/home/david/Documents/04_MOD/Labor3/ros2_ws/install/tb3_wall/lib/python3.12/site-packages'
[52.848s] Level 1:colcon.colcon_core.environment:checking '/home/david/Documents/04_MOD/Labor3/ros2_ws/install/tb3_wall/bin'
[52.849s] INFO:colcon.colcon_core.shell:Creating package script '/home/david/Documents/04_MOD/Labor3/ros2_ws/install/tb3_wall/share/tb3_wall/package.ps1'
[52.851s] INFO:colcon.colcon_core.shell:Creating package descriptor '/home/david/Documents/04_MOD/Labor3/ros2_ws/install/tb3_wall/share/tb3_wall/package.dsv'
[52.852s] INFO:colcon.colcon_core.shell:Creating package script '/home/david/Documents/04_MOD/Labor3/ros2_ws/install/tb3_wall/share/tb3_wall/package.sh'
[52.853s] INFO:colcon.colcon_core.shell:Creating package script '/home/david/Documents/04_MOD/Labor3/ros2_ws/install/tb3_wall/share/tb3_wall/package.bash'
[52.855s] INFO:colcon.colcon_core.shell:Creating package script '/home/david/Documents/04_MOD/Labor3/ros2_ws/install/tb3_wall/share/tb3_wall/package.zsh'
[52.856s] Level 1:colcon.colcon_core.environment:create_file_with_runtime_dependencies(/home/david/Documents/04_MOD/Labor3/ros2_ws/install/tb3_wall/share/colcon-core/packages/tb3_wall)
[52.857s] Level 1:colcon.colcon_core.environment:create_environment_scripts_only(tb3_wall)
[52.857s] Level 1:colcon.colcon_core.environment:checking '/home/david/Documents/04_MOD/Labor3/ros2_ws/install/tb3_wall' for CMake module files
[52.858s] Level 1:colcon.colcon_core.environment:checking '/home/david/Documents/04_MOD/Labor3/ros2_ws/install/tb3_wall' for CMake config files
[52.858s] Level 1:colcon.colcon_core.shell:create_environment_hook('tb3_wall', 'cmake_prefix_path')
[52.858s] INFO:colcon.colcon_core.shell:Creating environment hook '/home/david/Documents/04_MOD/Labor3/ros2_ws/install/tb3_wall/share/tb3_wall/hook/cmake_prefix_path.ps1'
[52.861s] INFO:colcon.colcon_core.shell:Creating environment descriptor '/home/david/Documents/04_MOD/Labor3/ros2_ws/install/tb3_wall/share/tb3_wall/hook/cmake_prefix_path.dsv'
[52.866s] INFO:colcon.colcon_core.shell:Creating environment hook '/home/david/Documents/04_MOD/Labor3/ros2_ws/install/tb3_wall/share/tb3_wall/hook/cmake_prefix_path.sh'
[52.872s] Level 1:colcon.colcon_core.environment:checking '/home/david/Documents/04_MOD/Labor3/ros2_ws/install/tb3_wall/lib'
[52.873s] Level 1:colcon.colcon_core.environment:checking '/home/david/Documents/04_MOD/Labor3/ros2_ws/install/tb3_wall/bin'
[52.873s] Level 1:colcon.colcon_core.environment:checking '/home/david/Documents/04_MOD/Labor3/ros2_ws/install/tb3_wall/lib/pkgconfig/tb3_wall.pc'
[52.875s] Level 1:colcon.colcon_core.environment:checking '/home/david/Documents/04_MOD/Labor3/ros2_ws/install/tb3_wall/lib/python3.12/site-packages'
[52.877s] Level 1:colcon.colcon_core.environment:checking '/home/david/Documents/04_MOD/Labor3/ros2_ws/install/tb3_wall/bin'
[52.877s] INFO:colcon.colcon_core.shell:Creating package script '/home/david/Documents/04_MOD/Labor3/ros2_ws/install/tb3_wall/share/tb3_wall/package.ps1'
[52.879s] INFO:colcon.colcon_core.shell:Creating package descriptor '/home/david/Documents/04_MOD/Labor3/ros2_ws/install/tb3_wall/share/tb3_wall/package.dsv'
[52.880s] INFO:colcon.colcon_core.shell:Creating package script '/home/david/Documents/04_MOD/Labor3/ros2_ws/install/tb3_wall/share/tb3_wall/package.sh'
[52.882s] INFO:colcon.colcon_core.shell:Creating package script '/home/david/Documents/04_MOD/Labor3/ros2_ws/install/tb3_wall/share/tb3_wall/package.bash'
[52.883s] INFO:colcon.colcon_core.shell:Creating package script '/home/david/Documents/04_MOD/Labor3/ros2_ws/install/tb3_wall/share/tb3_wall/package.zsh'
[52.884s] Level 1:colcon.colcon_core.environment:create_file_with_runtime_dependencies(/home/david/Documents/04_MOD/Labor3/ros2_ws/install/tb3_wall/share/colcon-core/packages/tb3_wall)
[52.884s] DEBUG:colcon.colcon_parallel_executor.executor.parallel:closing loop
[52.885s] DEBUG:colcon.colcon_parallel_executor.executor.parallel:loop closed
[52.886s] DEBUG:colcon.colcon_parallel_executor.executor.parallel:run_until_complete finished with '0'
[52.886s] DEBUG:colcon.colcon_core.event_reactor:joining thread
[52.920s] INFO:colcon.colcon_core.plugin_system:Skipping extension 'colcon_notification.desktop_notification.terminal_notifier': Not used on non-Darwin systems
[52.920s] INFO:colcon.colcon_core.plugin_system:Skipping extension 'colcon_notification.desktop_notification.win32': Not used on non-Windows systems
[52.920s] INFO:colcon.colcon_notification.desktop_notification:Sending desktop notification using 'notify2'
[52.961s] DEBUG:colcon.colcon_core.event_reactor:joined thread
[52.962s] INFO:colcon.colcon_core.shell:Creating prefix script '/home/david/Documents/04_MOD/Labor3/ros2_ws/install/local_setup.ps1'
[52.972s] INFO:colcon.colcon_core.shell:Creating prefix util module '/home/david/Documents/04_MOD/Labor3/ros2_ws/install/_local_setup_util_ps1.py'
[52.981s] INFO:colcon.colcon_core.shell:Creating prefix chain script '/home/david/Documents/04_MOD/Labor3/ros2_ws/install/setup.ps1'
[52.986s] INFO:colcon.colcon_core.shell:Creating prefix script '/home/david/Documents/04_MOD/Labor3/ros2_ws/install/local_setup.sh'
[52.987s] INFO:colcon.colcon_core.shell:Creating prefix util module '/home/david/Documents/04_MOD/Labor3/ros2_ws/install/_local_setup_util_sh.py'
[52.988s] INFO:colcon.colcon_core.shell:Creating prefix chain script '/home/david/Documents/04_MOD/Labor3/ros2_ws/install/setup.sh'
[52.991s] INFO:colcon.colcon_core.shell:Creating prefix script '/home/david/Documents/04_MOD/Labor3/ros2_ws/install/local_setup.bash'
[52.992s] INFO:colcon.colcon_core.shell:Creating prefix chain script '/home/david/Documents/04_MOD/Labor3/ros2_ws/install/setup.bash'
[52.995s] INFO:colcon.colcon_core.shell:Creating prefix script '/home/david/Documents/04_MOD/Labor3/ros2_ws/install/local_setup.zsh'
[52.995s] INFO:colcon.colcon_core.shell:Creating prefix chain script '/home/david/Documents/04_MOD/Labor3/ros2_ws/install/setup.zsh'
