-- Found ament_cmake: 2.5.4 (/opt/ros/jazzy/share/ament_cmake/cmake)
-- Found rclcpp: 28.1.13 (/opt/ros/jazzy/share/rclcpp/cmake)
-- Found rosidl_generator_c: 4.6.6 (/opt/ros/jazzy/share/rosidl_generator_c/cmake)
-- Found rosidl_generator_cpp: 4.6.6 (/opt/ros/jazzy/share/rosidl_generator_cpp/cmake)
-- Using all available rosidl_typesupport_c: rosidl_typesupport_fastrtps_c;rosidl_typesupport_introspection_c
-- Using all available rosidl_typesupport_cpp: rosidl_typesupport_fastrtps_cpp;rosidl_typesupport_introspection_cpp
-- Found rmw_implementation_cmake: 7.3.2 (/opt/ros/jazzy/share/rmw_implementation_cmake/cmake)
-- Found rmw_fastrtps_cpp: 8.4.3 (/opt/ros/jazzy/share/rmw_fastrtps_cpp/cmake)
-- Using RMW implementation 'rmw_fastrtps_cpp' as default
-- Found geometry_msgs: 5.3.6 (/opt/ros/jazzy/share/geometry_msgs/cmake)
-- Found nav_msgs: 5.3.6 (/opt/ros/jazzy/share/nav_msgs/cmake)
-- Found sensor_msgs: 5.3.6 (/opt/ros/jazzy/share/sensor_msgs/cmake)
-- Configuring done (2.9s)
-- Generating done (0.0s)
-- Build files have been written to: /home/david/Documents/04_MOD/Labor3/ros2_ws/src/build/tb3_wall
[ 50%] [32mBuilding CXX object CMakeFiles/tb3_wall_node.dir/src/tb3_wall.cpp.o[0m
[100%] [32m[1mLinking CXX executable tb3_wall_node[0m
[100%] Built target tb3_wall_node
-- Install configuration: ""
-- Installing: /home/david/Documents/04_MOD/Labor3/ros2_ws/src/install/tb3_wall/lib/tb3_wall/tb3_wall_node
-- Set non-toolchain portion of runtime path of "/home/david/Documents/04_MOD/Labor3/ros2_ws/src/install/tb3_wall/lib/tb3_wall/tb3_wall_node" to ""
-- Up-to-date: /home/david/Documents/04_MOD/Labor3/ros2_ws/src/install/tb3_wall/share/ament_index/resource_index/package_run_dependencies/tb3_wall
-- Up-to-date: /home/david/Documents/04_MOD/Labor3/ros2_ws/src/install/tb3_wall/share/ament_index/resource_index/parent_prefix_path/tb3_wall
-- Up-to-date: /home/david/Documents/04_MOD/Labor3/ros2_ws/src/install/tb3_wall/share/tb3_wall/environment/ament_prefix_path.sh
-- Up-to-date: /home/david/Documents/04_MOD/Labor3/ros2_ws/src/install/tb3_wall/share/tb3_wall/environment/ament_prefix_path.dsv
-- Up-to-date: /home/david/Documents/04_MOD/Labor3/ros2_ws/src/install/tb3_wall/share/tb3_wall/environment/path.sh
-- Up-to-date: /home/david/Documents/04_MOD/Labor3/ros2_ws/src/install/tb3_wall/share/tb3_wall/environment/path.dsv
-- Up-to-date: /home/david/Documents/04_MOD/Labor3/ros2_ws/src/install/tb3_wall/share/tb3_wall/local_setup.bash
-- Up-to-date: /home/david/Documents/04_MOD/Labor3/ros2_ws/src/install/tb3_wall/share/tb3_wall/local_setup.sh
-- Up-to-date: /home/david/Documents/04_MOD/Labor3/ros2_ws/src/install/tb3_wall/share/tb3_wall/local_setup.zsh
-- Up-to-date: /home/david/Documents/04_MOD/Labor3/ros2_ws/src/install/tb3_wall/share/tb3_wall/local_setup.dsv
-- Installing: /home/david/Documents/04_MOD/Labor3/ros2_ws/src/install/tb3_wall/share/tb3_wall/package.dsv
-- Up-to-date: /home/david/Documents/04_MOD/Labor3/ros2_ws/src/install/tb3_wall/share/ament_index/resource_index/packages/tb3_wall
-- Up-to-date: /home/david/Documents/04_MOD/Labor3/ros2_ws/src/install/tb3_wall/share/tb3_wall/cmake/tb3_wallConfig.cmake
-- Up-to-date: /home/david/Documents/04_MOD/Labor3/ros2_ws/src/install/tb3_wall/share/tb3_wall/cmake/tb3_wallConfig-version.cmake
-- Installing: /home/david/Documents/04_MOD/Labor3/ros2_ws/src/install/tb3_wall/share/tb3_wall/package.xml
